{"C:\\Users\\HP\\Desktop\\CONFY\\BEST-PROGRAMMING\\AUCA-Student-Mentorship-Portal\\backend\\src\\app.js": {"path":"C:\\Users\\HP\\Desktop\\CONFY\\BEST-PROGRAMMING\\AUCA-Student-Mentorship-Portal\\backend\\src\\app.js","statementMap":{"0":{"start":{"line":4,"column":16},"end":{"line":4,"column":34}},"1":{"start":{"line":5,"column":13},"end":{"line":5,"column":28}},"2":{"start":{"line":6,"column":21},"end":{"line":6,"column":58}},"3":{"start":{"line":8,"column":23},"end":{"line":8,"column":53}},"4":{"start":{"line":9,"column":23},"end":{"line":9,"column":53}},"5":{"start":{"line":10,"column":23},"end":{"line":10,"column":56}},"6":{"start":{"line":11,"column":23},"end":{"line":11,"column":57}},"7":{"start":{"line":13,"column":12},"end":{"line":13,"column":21}},"8":{"start":{"line":16,"column":0},"end":{"line":16,"column":77}},"9":{"start":{"line":17,"column":0},"end":{"line":17,"column":24}},"10":{"start":{"line":20,"column":0},"end":{"line":20,"column":37}},"11":{"start":{"line":21,"column":0},"end":{"line":21,"column":37}},"12":{"start":{"line":22,"column":0},"end":{"line":22,"column":40}},"13":{"start":{"line":23,"column":0},"end":{"line":23,"column":41}},"14":{"start":{"line":26,"column":0},"end":{"line":26,"column":94}},"15":{"start":{"line":26,"column":31},"end":{"line":26,"column":92}},"16":{"start":{"line":29,"column":0},"end":{"line":29,"column":22}},"17":{"start":{"line":31,"column":0},"end":{"line":31,"column":21}}},"fnMap":{"0":{"name":"(anonymous_0)","decl":{"start":{"line":26,"column":19},"end":{"line":26,"column":20}},"loc":{"start":{"line":26,"column":31},"end":{"line":26,"column":92}},"line":26}},"branchMap":{"0":{"loc":{"start":{"line":16,"column":23},"end":{"line":16,"column":72}},"type":"binary-expr","locations":[{"start":{"line":16,"column":23},"end":{"line":16,"column":45}},{"start":{"line":16,"column":49},"end":{"line":16,"column":72}}],"line":16}},"s":{"0":2,"1":2,"2":2,"3":2,"4":2,"5":2,"6":2,"7":2,"8":2,"9":2,"10":2,"11":2,"12":2,"13":2,"14":2,"15":0,"16":2,"17":2},"f":{"0":0},"b":{"0":[2,2]},"_coverageSchema":"1a1c01bbd47fc00a2c39e90264f33305004495a9","hash":"0560151f80ab982bb327d5a4acc1fb9a09385ddb"}
,"C:\\Users\\HP\\Desktop\\CONFY\\BEST-PROGRAMMING\\AUCA-Student-Mentorship-Portal\\backend\\src\\config\\db.js": {"path":"C:\\Users\\HP\\Desktop\\CONFY\\BEST-PROGRAMMING\\AUCA-Student-Mentorship-Portal\\backend\\src\\config\\db.js","statementMap":{"0":{"start":{"line":4,"column":17},"end":{"line":4,"column":30}},"1":{"start":{"line":6,"column":13},"end":{"line":12,"column":2}},"2":{"start":{"line":14,"column":0},"end":{"line":14,"column":62}},"3":{"start":{"line":14,"column":25},"end":{"line":14,"column":60}},"4":{"start":{"line":15,"column":0},"end":{"line":15,"column":61}},"5":{"start":{"line":15,"column":28},"end":{"line":15,"column":59}},"6":{"start":{"line":17,"column":0},"end":{"line":17,"column":22}}},"fnMap":{"0":{"name":"(anonymous_0)","decl":{"start":{"line":14,"column":19},"end":{"line":14,"column":20}},"loc":{"start":{"line":14,"column":25},"end":{"line":14,"column":60}},"line":14},"1":{"name":"(anonymous_1)","decl":{"start":{"line":15,"column":19},"end":{"line":15,"column":20}},"loc":{"start":{"line":15,"column":28},"end":{"line":15,"column":59}},"line":15}},"branchMap":{"0":{"loc":{"start":{"line":7,"column":12},"end":{"line":7,"column":50}},"type":"binary-expr","locations":[{"start":{"line":7,"column":12},"end":{"line":7,"column":31}},{"start":{"line":7,"column":39},"end":{"line":7,"column":50}}],"line":7},"1":{"loc":{"start":{"line":8,"column":12},"end":{"line":8,"column":49}},"type":"binary-expr","locations":[{"start":{"line":8,"column":12},"end":{"line":8,"column":41}},{"start":{"line":8,"column":45},"end":{"line":8,"column":49}}],"line":8},"2":{"loc":{"start":{"line":9,"column":12},"end":{"line":9,"column":59}},"type":"binary-expr","locations":[{"start":{"line":9,"column":12},"end":{"line":9,"column":31}},{"start":{"line":9,"column":39},"end":{"line":9,"column":59}}],"line":9},"3":{"loc":{"start":{"line":10,"column":12},"end":{"line":10,"column":49}},"type":"binary-expr","locations":[{"start":{"line":10,"column":12},"end":{"line":10,"column":31}},{"start":{"line":10,"column":39},"end":{"line":10,"column":49}}],"line":10},"4":{"loc":{"start":{"line":11,"column":12},"end":{"line":11,"column":45}},"type":"binary-expr","locations":[{"start":{"line":11,"column":12},"end":{"line":11,"column":35}},{"start":{"line":11,"column":39},"end":{"line":11,"column":45}}],"line":11}},"s":{"0":2,"1":2,"2":2,"3":2,"4":2,"5":0,"6":2},"f":{"0":2,"1":0},"b":{"0":[2,2],"1":[2,2],"2":[2,2],"3":[2,2],"4":[2,2]},"_coverageSchema":"1a1c01bbd47fc00a2c39e90264f33305004495a9","hash":"70c2fd497787967a6d1582f0f39ff51d938dc23b"}
,"C:\\Users\\HP\\Desktop\\CONFY\\BEST-PROGRAMMING\\AUCA-Student-Mentorship-Portal\\backend\\src\\controllers\\authController.js": {"path":"C:\\Users\\HP\\Desktop\\CONFY\\BEST-PROGRAMMING\\AUCA-Student-Mentorship-Portal\\backend\\src\\controllers\\authController.js","statementMap":{"0":{"start":{"line":4,"column":15},"end":{"line":4,"column":32}},"1":{"start":{"line":5,"column":13},"end":{"line":5,"column":38}},"2":{"start":{"line":6,"column":22},"end":{"line":6,"column":56}},"3":{"start":{"line":7,"column":50},"end":{"line":7,"column":77}},"4":{"start":{"line":13,"column":17},"end":{"line":47,"column":1}},"5":{"start":{"line":14,"column":2},"end":{"line":46,"column":3}},"6":{"start":{"line":15,"column":101},"end":{"line":15,"column":109}},"7":{"start":{"line":17,"column":4},"end":{"line":18,"column":80}},"8":{"start":{"line":18,"column":6},"end":{"line":18,"column":80}},"9":{"start":{"line":20,"column":4},"end":{"line":21,"column":66}},"10":{"start":{"line":21,"column":6},"end":{"line":21,"column":66}},"11":{"start":{"line":24,"column":21},"end":{"line":24,"column":50}},"12":{"start":{"line":25,"column":4},"end":{"line":25,"column":73}},"13":{"start":{"line":25,"column":18},"end":{"line":25,"column":73}},"14":{"start":{"line":28,"column":26},"end":{"line":28,"column":57}},"15":{"start":{"line":29,"column":17},"end":{"line":29,"column":77}},"16":{"start":{"line":32,"column":4},"end":{"line":40,"column":5}},"17":{"start":{"line":33,"column":6},"end":{"line":39,"column":9}},"18":{"start":{"line":42,"column":18},"end":{"line":42,"column":51}},"19":{"start":{"line":43,"column":4},"end":{"line":43,"column":70}},"20":{"start":{"line":45,"column":4},"end":{"line":45,"column":14}},"21":{"start":{"line":54,"column":14},"end":{"line":73,"column":1}},"22":{"start":{"line":55,"column":2},"end":{"line":72,"column":3}},"23":{"start":{"line":56,"column":32},"end":{"line":56,"column":40}},"24":{"start":{"line":58,"column":17},"end":{"line":58,"column":46}},"25":{"start":{"line":60,"column":4},"end":{"line":60,"column":65}},"26":{"start":{"line":60,"column":15},"end":{"line":60,"column":65}},"27":{"start":{"line":62,"column":18},"end":{"line":62,"column":68}},"28":{"start":{"line":64,"column":4},"end":{"line":64,"column":66}},"29":{"start":{"line":64,"column":16},"end":{"line":64,"column":66}},"30":{"start":{"line":66,"column":18},"end":{"line":66,"column":51}},"31":{"start":{"line":67,"column":43},"end":{"line":67,"column":47}},"32":{"start":{"line":69,"column":4},"end":{"line":69,"column":68}},"33":{"start":{"line":71,"column":4},"end":{"line":71,"column":14}},"34":{"start":{"line":79,"column":14},"end":{"line":86,"column":1}},"35":{"start":{"line":80,"column":2},"end":{"line":85,"column":3}},"36":{"start":{"line":81,"column":17},"end":{"line":81,"column":49}},"37":{"start":{"line":82,"column":4},"end":{"line":82,"column":27}},"38":{"start":{"line":84,"column":4},"end":{"line":84,"column":14}},"39":{"start":{"line":89,"column":0},"end":{"line":89,"column":44}}},"fnMap":{"0":{"name":"(anonymous_0)","decl":{"start":{"line":13,"column":17},"end":{"line":13,"column":18}},"loc":{"start":{"line":13,"column":43},"end":{"line":47,"column":1}},"line":13},"1":{"name":"(anonymous_1)","decl":{"start":{"line":54,"column":14},"end":{"line":54,"column":15}},"loc":{"start":{"line":54,"column":40},"end":{"line":73,"column":1}},"line":54},"2":{"name":"(anonymous_2)","decl":{"start":{"line":79,"column":14},"end":{"line":79,"column":15}},"loc":{"start":{"line":79,"column":40},"end":{"line":86,"column":1}},"line":79}},"branchMap":{"0":{"loc":{"start":{"line":17,"column":4},"end":{"line":18,"column":80}},"type":"if","locations":[{"start":{"line":17,"column":4},"end":{"line":18,"column":80}},{"start":{},"end":{}}],"line":17},"1":{"loc":{"start":{"line":17,"column":8},"end":{"line":17,"column":45}},"type":"binary-expr","locations":[{"start":{"line":17,"column":8},"end":{"line":17,"column":13}},{"start":{"line":17,"column":17},"end":{"line":17,"column":23}},{"start":{"line":17,"column":27},"end":{"line":17,"column":36}},{"start":{"line":17,"column":40},"end":{"line":17,"column":45}}],"line":17},"2":{"loc":{"start":{"line":20,"column":4},"end":{"line":21,"column":66}},"type":"if","locations":[{"start":{"line":20,"column":4},"end":{"line":21,"column":66}},{"start":{},"end":{}}],"line":20},"3":{"loc":{"start":{"line":25,"column":4},"end":{"line":25,"column":73}},"type":"if","locations":[{"start":{"line":25,"column":4},"end":{"line":25,"column":73}},{"start":{},"end":{}}],"line":25},"4":{"loc":{"start":{"line":32,"column":4},"end":{"line":40,"column":5}},"type":"if","locations":[{"start":{"line":32,"column":4},"end":{"line":40,"column":5}},{"start":{},"end":{}}],"line":32},"5":{"loc":{"start":{"line":35,"column":19},"end":{"line":35,"column":34}},"type":"binary-expr","locations":[{"start":{"line":35,"column":19},"end":{"line":35,"column":28}},{"start":{"line":35,"column":32},"end":{"line":35,"column":34}}],"line":35},"6":{"loc":{"start":{"line":60,"column":4},"end":{"line":60,"column":65}},"type":"if","locations":[{"start":{"line":60,"column":4},"end":{"line":60,"column":65}},{"start":{},"end":{}}],"line":60},"7":{"loc":{"start":{"line":64,"column":4},"end":{"line":64,"column":66}},"type":"if","locations":[{"start":{"line":64,"column":4},"end":{"line":64,"column":66}},{"start":{},"end":{}}],"line":64}},"s":{"0":2,"1":2,"2":2,"3":2,"4":2,"5":4,"6":4,"7":4,"8":0,"9":4,"10":0,"11":4,"12":4,"13":1,"14":3,"15":3,"16":3,"17":0,"18":3,"19":3,"20":0,"21":2,"22":1,"23":1,"24":1,"25":1,"26":0,"27":1,"28":1,"29":1,"30":0,"31":0,"32":0,"33":0,"34":2,"35":0,"36":0,"37":0,"38":0,"39":2},"f":{"0":4,"1":1,"2":0},"b":{"0":[0,4],"1":[4,4,4,4],"2":[0,4],"3":[1,3],"4":[0,3],"5":[0,0],"6":[0,1],"7":[1,0]},"_coverageSchema":"1a1c01bbd47fc00a2c39e90264f33305004495a9","hash":"2c9919d1280b8948c15e07e3d46f31793cf9e9f8"}
,"C:\\Users\\HP\\Desktop\\CONFY\\BEST-PROGRAMMING\\AUCA-Student-Mentorship-Portal\\backend\\src\\controllers\\feedbackController.js": {"path":"C:\\Users\\HP\\Desktop\\CONFY\\BEST-PROGRAMMING\\AUCA-Student-Mentorship-Portal\\backend\\src\\controllers\\feedbackController.js","statementMap":{"0":{"start":{"line":4,"column":17},"end":{"line":4,"column":46}},"1":{"start":{"line":5,"column":16},"end":{"line":5,"column":44}},"2":{"start":{"line":6,"column":35},"end":{"line":6,"column":62}},"3":{"start":{"line":8,"column":23},"end":{"line":35,"column":1}},"4":{"start":{"line":9,"column":2},"end":{"line":34,"column":30}},"5":{"start":{"line":10,"column":43},"end":{"line":10,"column":51}},"6":{"start":{"line":11,"column":4},"end":{"line":12,"column":71}},"7":{"start":{"line":12,"column":6},"end":{"line":12,"column":71}},"8":{"start":{"line":14,"column":20},"end":{"line":14,"column":64}},"9":{"start":{"line":15,"column":4},"end":{"line":15,"column":66}},"10":{"start":{"line":15,"column":18},"end":{"line":15,"column":66}},"11":{"start":{"line":16,"column":4},"end":{"line":17,"column":71}},"12":{"start":{"line":17,"column":6},"end":{"line":17,"column":71}},"13":{"start":{"line":20,"column":4},"end":{"line":21,"column":71}},"14":{"start":{"line":21,"column":6},"end":{"line":21,"column":71}},"15":{"start":{"line":23,"column":21},"end":{"line":23,"column":71}},"16":{"start":{"line":24,"column":4},"end":{"line":24,"column":75}},"17":{"start":{"line":24,"column":18},"end":{"line":24,"column":75}},"18":{"start":{"line":26,"column":21},"end":{"line":32,"column":6}},"19":{"start":{"line":33,"column":4},"end":{"line":33,"column":58}},"20":{"start":{"line":34,"column":18},"end":{"line":34,"column":28}},"21":{"start":{"line":38,"column":26},"end":{"line":43,"column":1}},"22":{"start":{"line":39,"column":2},"end":{"line":42,"column":30}},"23":{"start":{"line":40,"column":21},"end":{"line":40,"column":72}},"24":{"start":{"line":41,"column":4},"end":{"line":41,"column":31}},"25":{"start":{"line":42,"column":18},"end":{"line":42,"column":28}},"26":{"start":{"line":46,"column":23},"end":{"line":51,"column":1}},"27":{"start":{"line":47,"column":2},"end":{"line":50,"column":30}},"28":{"start":{"line":48,"column":21},"end":{"line":48,"column":44}},"29":{"start":{"line":49,"column":4},"end":{"line":49,"column":31}},"30":{"start":{"line":50,"column":18},"end":{"line":50,"column":28}},"31":{"start":{"line":53,"column":0},"end":{"line":53,"column":71}}},"fnMap":{"0":{"name":"(anonymous_0)","decl":{"start":{"line":8,"column":23},"end":{"line":8,"column":24}},"loc":{"start":{"line":8,"column":49},"end":{"line":35,"column":1}},"line":8},"1":{"name":"(anonymous_1)","decl":{"start":{"line":38,"column":26},"end":{"line":38,"column":27}},"loc":{"start":{"line":38,"column":52},"end":{"line":43,"column":1}},"line":38},"2":{"name":"(anonymous_2)","decl":{"start":{"line":46,"column":23},"end":{"line":46,"column":24}},"loc":{"start":{"line":46,"column":49},"end":{"line":51,"column":1}},"line":46}},"branchMap":{"0":{"loc":{"start":{"line":11,"column":4},"end":{"line":12,"column":71}},"type":"if","locations":[{"start":{"line":11,"column":4},"end":{"line":12,"column":71}},{"start":{},"end":{}}],"line":11},"1":{"loc":{"start":{"line":11,"column":8},"end":{"line":11,"column":30}},"type":"binary-expr","locations":[{"start":{"line":11,"column":8},"end":{"line":11,"column":19}},{"start":{"line":11,"column":23},"end":{"line":11,"column":30}}],"line":11},"2":{"loc":{"start":{"line":15,"column":4},"end":{"line":15,"column":66}},"type":"if","locations":[{"start":{"line":15,"column":4},"end":{"line":15,"column":66}},{"start":{},"end":{}}],"line":15},"3":{"loc":{"start":{"line":16,"column":4},"end":{"line":17,"column":71}},"type":"if","locations":[{"start":{"line":16,"column":4},"end":{"line":17,"column":71}},{"start":{},"end":{}}],"line":16},"4":{"loc":{"start":{"line":20,"column":4},"end":{"line":21,"column":71}},"type":"if","locations":[{"start":{"line":20,"column":4},"end":{"line":21,"column":71}},{"start":{},"end":{}}],"line":20},"5":{"loc":{"start":{"line":24,"column":4},"end":{"line":24,"column":75}},"type":"if","locations":[{"start":{"line":24,"column":4},"end":{"line":24,"column":75}},{"start":{},"end":{}}],"line":24}},"s":{"0":2,"1":2,"2":2,"3":2,"4":0,"5":0,"6":0,"7":0,"8":0,"9":0,"10":0,"11":0,"12":0,"13":0,"14":0,"15":0,"16":0,"17":0,"18":0,"19":0,"20":0,"21":2,"22":0,"23":0,"24":0,"25":0,"26":2,"27":0,"28":0,"29":0,"30":0,"31":2},"f":{"0":0,"1":0,"2":0},"b":{"0":[0,0],"1":[0,0],"2":[0,0],"3":[0,0],"4":[0,0],"5":[0,0]},"_coverageSchema":"1a1c01bbd47fc00a2c39e90264f33305004495a9","hash":"fb81ef3bb79b66d3c7e58aabe82df540be1066a1"}
,"C:\\Users\\HP\\Desktop\\CONFY\\BEST-PROGRAMMING\\AUCA-Student-Mentorship-Portal\\backend\\src\\controllers\\sessionController.js": {"path":"C:\\Users\\HP\\Desktop\\CONFY\\BEST-PROGRAMMING\\AUCA-Student-Mentorship-Portal\\backend\\src\\controllers\\sessionController.js","statementMap":{"0":{"start":{"line":4,"column":16},"end":{"line":4,"column":44}},"1":{"start":{"line":5,"column":22},"end":{"line":5,"column":56}},"2":{"start":{"line":6,"column":35},"end":{"line":6,"column":62}},"3":{"start":{"line":9,"column":20},"end":{"line":31,"column":1}},"4":{"start":{"line":10,"column":2},"end":{"line":30,"column":30}},"5":{"start":{"line":11,"column":92},"end":{"line":11,"column":100}},"6":{"start":{"line":12,"column":4},"end":{"line":13,"column":83}},"7":{"start":{"line":13,"column":6},"end":{"line":13,"column":83}},"8":{"start":{"line":16,"column":20},"end":{"line":16,"column":63}},"9":{"start":{"line":17,"column":4},"end":{"line":18,"column":59}},"10":{"start":{"line":18,"column":6},"end":{"line":18,"column":59}},"11":{"start":{"line":20,"column":20},"end":{"line":28,"column":6}},"12":{"start":{"line":29,"column":4},"end":{"line":29,"column":53}},"13":{"start":{"line":30,"column":18},"end":{"line":30,"column":28}},"14":{"start":{"line":34,"column":22},"end":{"line":45,"column":1}},"15":{"start":{"line":35,"column":2},"end":{"line":44,"column":30}},"16":{"start":{"line":37,"column":4},"end":{"line":42,"column":40}},"17":{"start":{"line":38,"column":6},"end":{"line":38,"column":56}},"18":{"start":{"line":39,"column":9},"end":{"line":42,"column":40}},"19":{"start":{"line":40,"column":6},"end":{"line":40,"column":56}},"20":{"start":{"line":42,"column":6},"end":{"line":42,"column":40}},"21":{"start":{"line":43,"column":4},"end":{"line":43,"column":31}},"22":{"start":{"line":44,"column":18},"end":{"line":44,"column":28}},"23":{"start":{"line":48,"column":28},"end":{"line":65,"column":1}},"24":{"start":{"line":49,"column":2},"end":{"line":64,"column":30}},"25":{"start":{"line":50,"column":23},"end":{"line":50,"column":31}},"26":{"start":{"line":51,"column":20},"end":{"line":51,"column":70}},"27":{"start":{"line":52,"column":4},"end":{"line":53,"column":51}},"28":{"start":{"line":53,"column":6},"end":{"line":53,"column":51}},"29":{"start":{"line":55,"column":20},"end":{"line":55,"column":67}},"30":{"start":{"line":56,"column":4},"end":{"line":56,"column":66}},"31":{"start":{"line":56,"column":18},"end":{"line":56,"column":66}},"32":{"start":{"line":59,"column":4},"end":{"line":60,"column":74}},"33":{"start":{"line":60,"column":6},"end":{"line":60,"column":74}},"34":{"start":{"line":62,"column":20},"end":{"line":62,"column":66}},"35":{"start":{"line":63,"column":4},"end":{"line":63,"column":51}},"36":{"start":{"line":64,"column":18},"end":{"line":64,"column":28}},"37":{"start":{"line":67,"column":0},"end":{"line":67,"column":69}}},"fnMap":{"0":{"name":"(anonymous_0)","decl":{"start":{"line":9,"column":20},"end":{"line":9,"column":21}},"loc":{"start":{"line":9,"column":46},"end":{"line":31,"column":1}},"line":9},"1":{"name":"(anonymous_1)","decl":{"start":{"line":34,"column":22},"end":{"line":34,"column":23}},"loc":{"start":{"line":34,"column":48},"end":{"line":45,"column":1}},"line":34},"2":{"name":"(anonymous_2)","decl":{"start":{"line":48,"column":28},"end":{"line":48,"column":29}},"loc":{"start":{"line":48,"column":54},"end":{"line":65,"column":1}},"line":48}},"branchMap":{"0":{"loc":{"start":{"line":12,"column":4},"end":{"line":13,"column":83}},"type":"if","locations":[{"start":{"line":12,"column":4},"end":{"line":13,"column":83}},{"start":{},"end":{}}],"line":12},"1":{"loc":{"start":{"line":12,"column":8},"end":{"line":12,"column":45}},"type":"binary-expr","locations":[{"start":{"line":12,"column":8},"end":{"line":12,"column":18}},{"start":{"line":12,"column":22},"end":{"line":12,"column":28}},{"start":{"line":12,"column":32},"end":{"line":12,"column":45}}],"line":12},"2":{"loc":{"start":{"line":17,"column":4},"end":{"line":18,"column":59}},"type":"if","locations":[{"start":{"line":17,"column":4},"end":{"line":18,"column":59}},{"start":{},"end":{}}],"line":17},"3":{"loc":{"start":{"line":17,"column":8},"end":{"line":17,"column":58}},"type":"binary-expr","locations":[{"start":{"line":17,"column":8},"end":{"line":17,"column":16}},{"start":{"line":17,"column":20},"end":{"line":17,"column":58}}],"line":17},"4":{"loc":{"start":{"line":37,"column":4},"end":{"line":42,"column":40}},"type":"if","locations":[{"start":{"line":37,"column":4},"end":{"line":42,"column":40}},{"start":{"line":39,"column":9},"end":{"line":42,"column":40}}],"line":37},"5":{"loc":{"start":{"line":39,"column":9},"end":{"line":42,"column":40}},"type":"if","locations":[{"start":{"line":39,"column":9},"end":{"line":42,"column":40}},{"start":{"line":42,"column":6},"end":{"line":42,"column":40}}],"line":39},"6":{"loc":{"start":{"line":52,"column":4},"end":{"line":53,"column":51}},"type":"if","locations":[{"start":{"line":52,"column":4},"end":{"line":53,"column":51}},{"start":{},"end":{}}],"line":52},"7":{"loc":{"start":{"line":56,"column":4},"end":{"line":56,"column":66}},"type":"if","locations":[{"start":{"line":56,"column":4},"end":{"line":56,"column":66}},{"start":{},"end":{}}],"line":56},"8":{"loc":{"start":{"line":59,"column":4},"end":{"line":60,"column":74}},"type":"if","locations":[{"start":{"line":59,"column":4},"end":{"line":60,"column":74}},{"start":{},"end":{}}],"line":59},"9":{"loc":{"start":{"line":59,"column":8},"end":{"line":59,"column":86}},"type":"binary-expr","locations":[{"start":{"line":59,"column":8},"end":{"line":59,"column":49}},{"start":{"line":59,"column":53},"end":{"line":59,"column":86}}],"line":59}},"s":{"0":2,"1":2,"2":2,"3":2,"4":0,"5":0,"6":0,"7":0,"8":0,"9":0,"10":0,"11":0,"12":0,"13":0,"14":2,"15":1,"16":1,"17":0,"18":1,"19":1,"20":0,"21":1,"22":0,"23":2,"24":0,"25":0,"26":0,"27":0,"28":0,"29":0,"30":0,"31":0,"32":0,"33":0,"34":0,"35":0,"36":0,"37":2},"f":{"0":0,"1":1,"2":0},"b":{"0":[0,0],"1":[0,0,0],"2":[0,0],"3":[0,0],"4":[0,1],"5":[1,0],"6":[0,0],"7":[0,0],"8":[0,0],"9":[0,0]},"_coverageSchema":"1a1c01bbd47fc00a2c39e90264f33305004495a9","hash":"c3faeeda9cc5ab912eabe25719ad12b130ae19f3"}
,"C:\\Users\\HP\\Desktop\\CONFY\\BEST-PROGRAMMING\\AUCA-Student-Mentorship-Portal\\backend\\src\\controllers\\userController.js": {"path":"C:\\Users\\HP\\Desktop\\CONFY\\BEST-PROGRAMMING\\AUCA-Student-Mentorship-Portal\\backend\\src\\controllers\\userController.js","statementMap":{"0":{"start":{"line":4,"column":13},"end":{"line":4,"column":38}},"1":{"start":{"line":5,"column":22},"end":{"line":5,"column":56}},"2":{"start":{"line":6,"column":35},"end":{"line":6,"column":62}},"3":{"start":{"line":9,"column":19},"end":{"line":14,"column":1}},"4":{"start":{"line":10,"column":2},"end":{"line":13,"column":30}},"5":{"start":{"line":11,"column":20},"end":{"line":11,"column":53}},"6":{"start":{"line":12,"column":4},"end":{"line":12,"column":30}},"7":{"start":{"line":13,"column":18},"end":{"line":13,"column":28}},"8":{"start":{"line":17,"column":26},"end":{"line":22,"column":1}},"9":{"start":{"line":18,"column":2},"end":{"line":21,"column":30}},"10":{"start":{"line":19,"column":20},"end":{"line":19,"column":52}},"11":{"start":{"line":20,"column":4},"end":{"line":20,"column":30}},"12":{"start":{"line":21,"column":18},"end":{"line":21,"column":28}},"13":{"start":{"line":25,"column":22},"end":{"line":39,"column":1}},"14":{"start":{"line":26,"column":2},"end":{"line":38,"column":30}},"15":{"start":{"line":27,"column":23},"end":{"line":27,"column":31}},"16":{"start":{"line":28,"column":4},"end":{"line":29,"column":72}},"17":{"start":{"line":29,"column":6},"end":{"line":29,"column":72}},"18":{"start":{"line":31,"column":20},"end":{"line":35,"column":5}},"19":{"start":{"line":36,"column":4},"end":{"line":36,"column":65}},"20":{"start":{"line":36,"column":18},"end":{"line":36,"column":65}},"21":{"start":{"line":37,"column":4},"end":{"line":37,"column":50}},"22":{"start":{"line":38,"column":18},"end":{"line":38,"column":28}},"23":{"start":{"line":42,"column":20},"end":{"line":47,"column":1}},"24":{"start":{"line":43,"column":2},"end":{"line":46,"column":30}},"25":{"start":{"line":44,"column":18},"end":{"line":44,"column":37}},"26":{"start":{"line":45,"column":4},"end":{"line":45,"column":28}},"27":{"start":{"line":46,"column":18},"end":{"line":46,"column":28}},"28":{"start":{"line":50,"column":22},"end":{"line":56,"column":1}},"29":{"start":{"line":51,"column":2},"end":{"line":55,"column":30}},"30":{"start":{"line":52,"column":26},"end":{"line":52,"column":34}},"31":{"start":{"line":53,"column":20},"end":{"line":53,"column":65}},"32":{"start":{"line":54,"column":4},"end":{"line":54,"column":49}},"33":{"start":{"line":55,"column":18},"end":{"line":55,"column":28}},"34":{"start":{"line":58,"column":0},"end":{"line":58,"column":94}}},"fnMap":{"0":{"name":"(anonymous_0)","decl":{"start":{"line":9,"column":19},"end":{"line":9,"column":20}},"loc":{"start":{"line":9,"column":45},"end":{"line":14,"column":1}},"line":9},"1":{"name":"(anonymous_1)","decl":{"start":{"line":17,"column":26},"end":{"line":17,"column":27}},"loc":{"start":{"line":17,"column":52},"end":{"line":22,"column":1}},"line":17},"2":{"name":"(anonymous_2)","decl":{"start":{"line":25,"column":22},"end":{"line":25,"column":23}},"loc":{"start":{"line":25,"column":48},"end":{"line":39,"column":1}},"line":25},"3":{"name":"(anonymous_3)","decl":{"start":{"line":42,"column":20},"end":{"line":42,"column":21}},"loc":{"start":{"line":42,"column":46},"end":{"line":47,"column":1}},"line":42},"4":{"name":"(anonymous_4)","decl":{"start":{"line":50,"column":22},"end":{"line":50,"column":23}},"loc":{"start":{"line":50,"column":48},"end":{"line":56,"column":1}},"line":50}},"branchMap":{"0":{"loc":{"start":{"line":28,"column":4},"end":{"line":29,"column":72}},"type":"if","locations":[{"start":{"line":28,"column":4},"end":{"line":29,"column":72}},{"start":{},"end":{}}],"line":28},"1":{"loc":{"start":{"line":36,"column":4},"end":{"line":36,"column":65}},"type":"if","locations":[{"start":{"line":36,"column":4},"end":{"line":36,"column":65}},{"start":{},"end":{}}],"line":36}},"s":{"0":2,"1":2,"2":2,"3":2,"4":0,"5":0,"6":0,"7":0,"8":2,"9":0,"10":0,"11":0,"12":0,"13":2,"14":0,"15":0,"16":0,"17":0,"18":0,"19":0,"20":0,"21":0,"22":0,"23":2,"24":0,"25":0,"26":0,"27":0,"28":2,"29":0,"30":0,"31":0,"32":0,"33":0,"34":2},"f":{"0":0,"1":0,"2":0,"3":0,"4":0},"b":{"0":[0,0],"1":[0,0]},"_coverageSchema":"1a1c01bbd47fc00a2c39e90264f33305004495a9","hash":"feba2b534d4655e42b097daa60285c500d8bb907"}
,"C:\\Users\\HP\\Desktop\\CONFY\\BEST-PROGRAMMING\\AUCA-Student-Mentorship-Portal\\backend\\src\\middlewares\\authMiddleware.js": {"path":"C:\\Users\\HP\\Desktop\\CONFY\\BEST-PROGRAMMING\\AUCA-Student-Mentorship-Portal\\backend\\src\\middlewares\\authMiddleware.js","statementMap":{"0":{"start":{"line":4,"column":12},"end":{"line":4,"column":35}},"1":{"start":{"line":9,"column":21},"end":{"line":23,"column":1}},"2":{"start":{"line":10,"column":21},"end":{"line":10,"column":46}},"3":{"start":{"line":11,"column":2},"end":{"line":13,"column":3}},"4":{"start":{"line":12,"column":4},"end":{"line":12,"column":82}},"5":{"start":{"line":15,"column":16},"end":{"line":15,"column":40}},"6":{"start":{"line":16,"column":2},"end":{"line":22,"column":3}},"7":{"start":{"line":17,"column":20},"end":{"line":17,"column":83}},"8":{"start":{"line":18,"column":4},"end":{"line":18,"column":23}},"9":{"start":{"line":19,"column":4},"end":{"line":19,"column":11}},"10":{"start":{"line":21,"column":4},"end":{"line":21,"column":82}},"11":{"start":{"line":29,"column":18},"end":{"line":34,"column":1}},"12":{"start":{"line":29,"column":32},"end":{"line":34,"column":1}},"13":{"start":{"line":30,"column":2},"end":{"line":32,"column":3}},"14":{"start":{"line":31,"column":4},"end":{"line":31,"column":78}},"15":{"start":{"line":33,"column":2},"end":{"line":33,"column":9}},"16":{"start":{"line":36,"column":0},"end":{"line":36,"column":45}}},"fnMap":{"0":{"name":"(anonymous_0)","decl":{"start":{"line":9,"column":21},"end":{"line":9,"column":22}},"loc":{"start":{"line":9,"column":41},"end":{"line":23,"column":1}},"line":9},"1":{"name":"(anonymous_1)","decl":{"start":{"line":29,"column":18},"end":{"line":29,"column":19}},"loc":{"start":{"line":29,"column":32},"end":{"line":34,"column":1}},"line":29},"2":{"name":"(anonymous_2)","decl":{"start":{"line":29,"column":32},"end":{"line":29,"column":33}},"loc":{"start":{"line":29,"column":52},"end":{"line":34,"column":1}},"line":29}},"branchMap":{"0":{"loc":{"start":{"line":11,"column":2},"end":{"line":13,"column":3}},"type":"if","locations":[{"start":{"line":11,"column":2},"end":{"line":13,"column":3}},{"start":{},"end":{}}],"line":11},"1":{"loc":{"start":{"line":11,"column":6},"end":{"line":11,"column":54}},"type":"binary-expr","locations":[{"start":{"line":11,"column":6},"end":{"line":11,"column":17}},{"start":{"line":11,"column":21},"end":{"line":11,"column":54}}],"line":11},"2":{"loc":{"start":{"line":17,"column":38},"end":{"line":17,"column":82}},"type":"binary-expr","locations":[{"start":{"line":17,"column":38},"end":{"line":17,"column":60}},{"start":{"line":17,"column":64},"end":{"line":17,"column":82}}],"line":17},"3":{"loc":{"start":{"line":30,"column":2},"end":{"line":32,"column":3}},"type":"if","locations":[{"start":{"line":30,"column":2},"end":{"line":32,"column":3}},{"start":{},"end":{}}],"line":30}},"s":{"0":2,"1":2,"2":2,"3":2,"4":1,"5":1,"6":1,"7":1,"8":1,"9":1,"10":0,"11":2,"12":12,"13":0,"14":0,"15":0,"16":2},"f":{"0":2,"1":12,"2":0},"b":{"0":[1,1],"1":[2,1],"2":[1,1],"3":[0,0]},"_coverageSchema":"1a1c01bbd47fc00a2c39e90264f33305004495a9","hash":"1c62abf61441e54033c35d5eb84c35fd7ec5fcf3"}
,"C:\\Users\\HP\\Desktop\\CONFY\\BEST-PROGRAMMING\\AUCA-Student-Mentorship-Portal\\backend\\src\\middlewares\\errorHandler.js": {"path":"C:\\Users\\HP\\Desktop\\CONFY\\BEST-PROGRAMMING\\AUCA-Student-Mentorship-Portal\\backend\\src\\middlewares\\errorHandler.js","statementMap":{"0":{"start":{"line":4,"column":21},"end":{"line":11,"column":1}},"1":{"start":{"line":5,"column":2},"end":{"line":5,"column":39}},"2":{"start":{"line":6,"column":17},"end":{"line":6,"column":34}},"3":{"start":{"line":7,"column":2},"end":{"line":10,"column":5}},"4":{"start":{"line":13,"column":0},"end":{"line":13,"column":30}}},"fnMap":{"0":{"name":"(anonymous_0)","decl":{"start":{"line":4,"column":21},"end":{"line":4,"column":22}},"loc":{"start":{"line":4,"column":46},"end":{"line":11,"column":1}},"line":4}},"branchMap":{"0":{"loc":{"start":{"line":6,"column":17},"end":{"line":6,"column":34}},"type":"binary-expr","locations":[{"start":{"line":6,"column":17},"end":{"line":6,"column":27}},{"start":{"line":6,"column":31},"end":{"line":6,"column":34}}],"line":6},"1":{"loc":{"start":{"line":9,"column":13},"end":{"line":9,"column":51}},"type":"binary-expr","locations":[{"start":{"line":9,"column":13},"end":{"line":9,"column":24}},{"start":{"line":9,"column":28},"end":{"line":9,"column":51}}],"line":9}},"s":{"0":2,"1":0,"2":0,"3":0,"4":2},"f":{"0":0},"b":{"0":[0,0],"1":[0,0]},"_coverageSchema":"1a1c01bbd47fc00a2c39e90264f33305004495a9","hash":"93628dc206b4e3505e028e708c496ff9d6ed4187"}
,"C:\\Users\\HP\\Desktop\\CONFY\\BEST-PROGRAMMING\\AUCA-Student-Mentorship-Portal\\backend\\src\\models\\Feedback.js": {"path":"C:\\Users\\HP\\Desktop\\CONFY\\BEST-PROGRAMMING\\AUCA-Student-Mentorship-Portal\\backend\\src\\models\\Feedback.js","statementMap":{"0":{"start":{"line":4,"column":11},"end":{"line":4,"column":34}},"1":{"start":{"line":6,"column":17},"end":{"line":54,"column":1}},"2":{"start":{"line":9,"column":21},"end":{"line":13,"column":5}},"3":{"start":{"line":14,"column":4},"end":{"line":14,"column":19}},"4":{"start":{"line":19,"column":21},"end":{"line":22,"column":5}},"5":{"start":{"line":23,"column":4},"end":{"line":23,"column":19}},"6":{"start":{"line":28,"column":21},"end":{"line":35,"column":19}},"7":{"start":{"line":36,"column":4},"end":{"line":36,"column":16}},"8":{"start":{"line":41,"column":21},"end":{"line":51,"column":6}},"9":{"start":{"line":52,"column":4},"end":{"line":52,"column":16}},"10":{"start":{"line":56,"column":0},"end":{"line":56,"column":26}}},"fnMap":{"0":{"name":"(anonymous_0)","decl":{"start":{"line":8,"column":10},"end":{"line":8,"column":11}},"loc":{"start":{"line":8,"column":74},"end":{"line":15,"column":3}},"line":8},"1":{"name":"(anonymous_1)","decl":{"start":{"line":18,"column":17},"end":{"line":18,"column":18}},"loc":{"start":{"line":18,"column":39},"end":{"line":24,"column":3}},"line":18},"2":{"name":"(anonymous_2)","decl":{"start":{"line":27,"column":15},"end":{"line":27,"column":16}},"loc":{"start":{"line":27,"column":36},"end":{"line":37,"column":3}},"line":27},"3":{"name":"(anonymous_3)","decl":{"start":{"line":40,"column":10},"end":{"line":40,"column":11}},"loc":{"start":{"line":40,"column":22},"end":{"line":53,"column":3}},"line":40}},"branchMap":{},"s":{"0":2,"1":2,"2":0,"3":0,"4":0,"5":0,"6":0,"7":0,"8":0,"9":0,"10":2},"f":{"0":0,"1":0,"2":0,"3":0},"b":{},"_coverageSchema":"1a1c01bbd47fc00a2c39e90264f33305004495a9","hash":"b7ed4a2539809431f32ded83a244382274b391ab"}
,"C:\\Users\\HP\\Desktop\\CONFY\\BEST-PROGRAMMING\\AUCA-Student-Mentorship-Portal\\backend\\src\\models\\MentorProfile.js": {"path":"C:\\Users\\HP\\Desktop\\CONFY\\BEST-PROGRAMMING\\AUCA-Student-Mentorship-Portal\\backend\\src\\models\\MentorProfile.js","statementMap":{"0":{"start":{"line":4,"column":11},"end":{"line":4,"column":34}},"1":{"start":{"line":6,"column":22},"end":{"line":65,"column":1}},"2":{"start":{"line":9,"column":21},"end":{"line":13,"column":5}},"3":{"start":{"line":14,"column":4},"end":{"line":14,"column":19}},"4":{"start":{"line":19,"column":21},"end":{"line":30,"column":6}},"5":{"start":{"line":31,"column":4},"end":{"line":31,"column":16}},"6":{"start":{"line":36,"column":21},"end":{"line":42,"column":6}},"7":{"start":{"line":43,"column":4},"end":{"line":43,"column":16}},"8":{"start":{"line":48,"column":21},"end":{"line":53,"column":5}},"9":{"start":{"line":54,"column":4},"end":{"line":54,"column":19}},"10":{"start":{"line":59,"column":21},"end":{"line":62,"column":5}},"11":{"start":{"line":63,"column":4},"end":{"line":63,"column":19}},"12":{"start":{"line":67,"column":0},"end":{"line":67,"column":31}}},"fnMap":{"0":{"name":"(anonymous_0)","decl":{"start":{"line":8,"column":10},"end":{"line":8,"column":11}},"loc":{"start":{"line":8,"column":85},"end":{"line":15,"column":3}},"line":8},"1":{"name":"(anonymous_1)","decl":{"start":{"line":18,"column":15},"end":{"line":18,"column":16}},"loc":{"start":{"line":18,"column":27},"end":{"line":32,"column":3}},"line":18},"2":{"name":"(anonymous_2)","decl":{"start":{"line":35,"column":14},"end":{"line":35,"column":15}},"loc":{"start":{"line":35,"column":26},"end":{"line":44,"column":3}},"line":35},"3":{"name":"(anonymous_3)","decl":{"start":{"line":47,"column":16},"end":{"line":47,"column":17}},"loc":{"start":{"line":47,"column":56},"end":{"line":55,"column":3}},"line":47},"4":{"name":"(anonymous_4)","decl":{"start":{"line":58,"column":16},"end":{"line":58,"column":17}},"loc":{"start":{"line":58,"column":35},"end":{"line":64,"column":3}},"line":58}},"branchMap":{},"s":{"0":2,"1":2,"2":0,"3":0,"4":0,"5":0,"6":0,"7":0,"8":0,"9":0,"10":0,"11":0,"12":2},"f":{"0":0,"1":0,"2":0,"3":0,"4":0},"b":{},"_coverageSchema":"1a1c01bbd47fc00a2c39e90264f33305004495a9","hash":"f9e08e64e5ba317453def73fcd9f5cb0adf1731a"}
,"C:\\Users\\HP\\Desktop\\CONFY\\BEST-PROGRAMMING\\AUCA-Student-Mentorship-Portal\\backend\\src\\models\\Session.js": {"path":"C:\\Users\\HP\\Desktop\\CONFY\\BEST-PROGRAMMING\\AUCA-Student-Mentorship-Portal\\backend\\src\\models\\Session.js","statementMap":{"0":{"start":{"line":4,"column":11},"end":{"line":4,"column":34}},"1":{"start":{"line":6,"column":16},"end":{"line":69,"column":1}},"2":{"start":{"line":9,"column":21},"end":{"line":13,"column":5}},"3":{"start":{"line":14,"column":4},"end":{"line":14,"column":19}},"4":{"start":{"line":19,"column":21},"end":{"line":22,"column":5}},"5":{"start":{"line":23,"column":4},"end":{"line":23,"column":19}},"6":{"start":{"line":28,"column":21},"end":{"line":34,"column":19}},"7":{"start":{"line":35,"column":4},"end":{"line":35,"column":16}},"8":{"start":{"line":40,"column":21},"end":{"line":46,"column":19}},"9":{"start":{"line":47,"column":4},"end":{"line":47,"column":16}},"10":{"start":{"line":52,"column":21},"end":{"line":60,"column":6}},"11":{"start":{"line":61,"column":4},"end":{"line":61,"column":16}},"12":{"start":{"line":66,"column":21},"end":{"line":66,"column":81}},"13":{"start":{"line":67,"column":4},"end":{"line":67,"column":19}},"14":{"start":{"line":71,"column":0},"end":{"line":71,"column":25}}},"fnMap":{"0":{"name":"(anonymous_0)","decl":{"start":{"line":8,"column":10},"end":{"line":8,"column":11}},"loc":{"start":{"line":8,"column":112},"end":{"line":15,"column":3}},"line":8},"1":{"name":"(anonymous_1)","decl":{"start":{"line":18,"column":16},"end":{"line":18,"column":17}},"loc":{"start":{"line":18,"column":38},"end":{"line":24,"column":3}},"line":18},"2":{"name":"(anonymous_2)","decl":{"start":{"line":27,"column":15},"end":{"line":27,"column":16}},"loc":{"start":{"line":27,"column":36},"end":{"line":36,"column":3}},"line":27},"3":{"name":"(anonymous_3)","decl":{"start":{"line":39,"column":15},"end":{"line":39,"column":16}},"loc":{"start":{"line":39,"column":36},"end":{"line":48,"column":3}},"line":39},"4":{"name":"(anonymous_4)","decl":{"start":{"line":51,"column":10},"end":{"line":51,"column":11}},"loc":{"start":{"line":51,"column":22},"end":{"line":62,"column":3}},"line":51},"5":{"name":"(anonymous_5)","decl":{"start":{"line":65,"column":12},"end":{"line":65,"column":13}},"loc":{"start":{"line":65,"column":26},"end":{"line":68,"column":3}},"line":65}},"branchMap":{"0":{"loc":{"start":{"line":12,"column":63},"end":{"line":12,"column":85}},"type":"binary-expr","locations":[{"start":{"line":12,"column":63},"end":{"line":12,"column":79}},{"start":{"line":12,"column":83},"end":{"line":12,"column":85}}],"line":12},"1":{"loc":{"start":{"line":12,"column":87},"end":{"line":12,"column":107}},"type":"binary-expr","locations":[{"start":{"line":12,"column":87},"end":{"line":12,"column":99}},{"start":{"line":12,"column":103},"end":{"line":12,"column":107}}],"line":12}},"s":{"0":2,"1":2,"2":0,"3":0,"4":0,"5":0,"6":1,"7":1,"8":0,"9":0,"10":0,"11":0,"12":0,"13":0,"14":2},"f":{"0":0,"1":0,"2":1,"3":0,"4":0,"5":0},"b":{"0":[0,0],"1":[0,0]},"_coverageSchema":"1a1c01bbd47fc00a2c39e90264f33305004495a9","hash":"b5ca2a2522a13a027db6865ba10b2c374a2df906"}
,"C:\\Users\\HP\\Desktop\\CONFY\\BEST-PROGRAMMING\\AUCA-Student-Mentorship-Portal\\backend\\src\\models\\User.js": {"path":"C:\\Users\\HP\\Desktop\\CONFY\\BEST-PROGRAMMING\\AUCA-Student-Mentorship-Portal\\backend\\src\\models\\User.js","statementMap":{"0":{"start":{"line":4,"column":11},"end":{"line":4,"column":34}},"1":{"start":{"line":6,"column":13},"end":{"line":49,"column":1}},"2":{"start":{"line":9,"column":21},"end":{"line":9,"column":84}},"3":{"start":{"line":10,"column":4},"end":{"line":10,"column":19}},"4":{"start":{"line":15,"column":21},"end":{"line":18,"column":5}},"5":{"start":{"line":19,"column":4},"end":{"line":19,"column":19}},"6":{"start":{"line":24,"column":21},"end":{"line":28,"column":5}},"7":{"start":{"line":29,"column":4},"end":{"line":29,"column":19}},"8":{"start":{"line":34,"column":21},"end":{"line":38,"column":5}},"9":{"start":{"line":39,"column":4},"end":{"line":39,"column":19}},"10":{"start":{"line":44,"column":21},"end":{"line":46,"column":5}},"11":{"start":{"line":47,"column":4},"end":{"line":47,"column":16}},"12":{"start":{"line":51,"column":0},"end":{"line":51,"column":22}}},"fnMap":{"0":{"name":"(anonymous_0)","decl":{"start":{"line":8,"column":15},"end":{"line":8,"column":16}},"loc":{"start":{"line":8,"column":32},"end":{"line":11,"column":3}},"line":8},"1":{"name":"(anonymous_1)","decl":{"start":{"line":14,"column":12},"end":{"line":14,"column":13}},"loc":{"start":{"line":14,"column":26},"end":{"line":20,"column":3}},"line":14},"2":{"name":"(anonymous_2)","decl":{"start":{"line":23,"column":10},"end":{"line":23,"column":11}},"loc":{"start":{"line":23,"column":63},"end":{"line":30,"column":3}},"line":23},"3":{"name":"(anonymous_3)","decl":{"start":{"line":33,"column":10},"end":{"line":33,"column":11}},"loc":{"start":{"line":33,"column":39},"end":{"line":40,"column":3}},"line":33},"4":{"name":"(anonymous_4)","decl":{"start":{"line":43,"column":10},"end":{"line":43,"column":11}},"loc":{"start":{"line":43,"column":22},"end":{"line":48,"column":3}},"line":43}},"branchMap":{"0":{"loc":{"start":{"line":27,"column":41},"end":{"line":27,"column":52}},"type":"binary-expr","locations":[{"start":{"line":27,"column":41},"end":{"line":27,"column":44}},{"start":{"line":27,"column":48},"end":{"line":27,"column":52}}],"line":27}},"s":{"0":2,"1":2,"2":5,"3":5,"4":0,"5":0,"6":3,"7":3,"8":0,"9":0,"10":0,"11":0,"12":2},"f":{"0":5,"1":0,"2":3,"3":0,"4":0},"b":{"0":[3,3]},"_coverageSchema":"1a1c01bbd47fc00a2c39e90264f33305004495a9","hash":"b6cf49027e48d2c250aa43049e4cd43bf6ea5ad8"}
,"C:\\Users\\HP\\Desktop\\CONFY\\BEST-PROGRAMMING\\AUCA-Student-Mentorship-Portal\\backend\\src\\routes\\authRoutes.js": {"path":"C:\\Users\\HP\\Desktop\\CONFY\\BEST-PROGRAMMING\\AUCA-Student-Mentorship-Portal\\backend\\src\\routes\\authRoutes.js","statementMap":{"0":{"start":{"line":1,"column":16},"end":{"line":1,"column":34}},"1":{"start":{"line":2,"column":15},"end":{"line":2,"column":31}},"2":{"start":{"line":3,"column":35},"end":{"line":3,"column":75}},"3":{"start":{"line":4,"column":25},"end":{"line":4,"column":65}},"4":{"start":{"line":5,"column":15},"end":{"line":5,"column":32}},"5":{"start":{"line":6,"column":13},"end":{"line":6,"column":36}},"6":{"start":{"line":8,"column":0},"end":{"line":8,"column":35}},"7":{"start":{"line":9,"column":0},"end":{"line":9,"column":29}},"8":{"start":{"line":10,"column":0},"end":{"line":10,"column":39}},"9":{"start":{"line":13,"column":0},"end":{"line":25,"column":3}},"10":{"start":{"line":14,"column":2},"end":{"line":24,"column":3}},"11":{"start":{"line":15,"column":22},"end":{"line":15,"column":58}},"12":{"start":{"line":16,"column":21},"end":{"line":16,"column":54}},"13":{"start":{"line":18,"column":4},"end":{"line":18,"column":110}},"14":{"start":{"line":19,"column":4},"end":{"line":19,"column":98}},"15":{"start":{"line":21,"column":4},"end":{"line":21,"column":68}},"16":{"start":{"line":23,"column":4},"end":{"line":23,"column":38}},"17":{"start":{"line":27,"column":0},"end":{"line":27,"column":24}}},"fnMap":{"0":{"name":"(anonymous_0)","decl":{"start":{"line":13,"column":29},"end":{"line":13,"column":30}},"loc":{"start":{"line":13,"column":49},"end":{"line":25,"column":1}},"line":13}},"branchMap":{},"s":{"0":2,"1":2,"2":2,"3":2,"4":2,"5":2,"6":2,"7":2,"8":2,"9":2,"10":0,"11":0,"12":0,"13":0,"14":0,"15":0,"16":0,"17":2},"f":{"0":0},"b":{},"_coverageSchema":"1a1c01bbd47fc00a2c39e90264f33305004495a9","hash":"fcbf40f72a1dd21669f3f11f9fade0cd7561b515"}
,"C:\\Users\\HP\\Desktop\\CONFY\\BEST-PROGRAMMING\\AUCA-Student-Mentorship-Portal\\backend\\src\\routes\\feedbackRoutes.js": {"path":"C:\\Users\\HP\\Desktop\\CONFY\\BEST-PROGRAMMING\\AUCA-Student-Mentorship-Portal\\backend\\src\\routes\\feedbackRoutes.js","statementMap":{"0":{"start":{"line":1,"column":16},"end":{"line":1,"column":34}},"1":{"start":{"line":2,"column":15},"end":{"line":2,"column":31}},"2":{"start":{"line":3,"column":62},"end":{"line":3,"column":106}},"3":{"start":{"line":4,"column":36},"end":{"line":4,"column":76}},"4":{"start":{"line":6,"column":0},"end":{"line":6,"column":81}},"5":{"start":{"line":7,"column":0},"end":{"line":7,"column":63}},"6":{"start":{"line":8,"column":0},"end":{"line":8,"column":80}},"7":{"start":{"line":10,"column":0},"end":{"line":10,"column":24}}},"fnMap":{},"branchMap":{},"s":{"0":2,"1":2,"2":2,"3":2,"4":2,"5":2,"6":2,"7":2},"f":{},"b":{},"_coverageSchema":"1a1c01bbd47fc00a2c39e90264f33305004495a9","hash":"86a7f45d0a52693ced68874bef5a7db6d053bc6b"}
,"C:\\Users\\HP\\Desktop\\CONFY\\BEST-PROGRAMMING\\AUCA-Student-Mentorship-Portal\\backend\\src\\routes\\sessionRoutes.js": {"path":"C:\\Users\\HP\\Desktop\\CONFY\\BEST-PROGRAMMING\\AUCA-Student-Mentorship-Portal\\backend\\src\\routes\\sessionRoutes.js","statementMap":{"0":{"start":{"line":1,"column":16},"end":{"line":1,"column":34}},"1":{"start":{"line":2,"column":15},"end":{"line":2,"column":31}},"2":{"start":{"line":3,"column":60},"end":{"line":3,"column":103}},"3":{"start":{"line":4,"column":36},"end":{"line":4,"column":76}},"4":{"start":{"line":6,"column":0},"end":{"line":6,"column":78}},"5":{"start":{"line":7,"column":0},"end":{"line":7,"column":59}},"6":{"start":{"line":8,"column":0},"end":{"line":8,"column":65}},"7":{"start":{"line":10,"column":0},"end":{"line":10,"column":24}}},"fnMap":{},"branchMap":{},"s":{"0":2,"1":2,"2":2,"3":2,"4":2,"5":2,"6":2,"7":2},"f":{},"b":{},"_coverageSchema":"1a1c01bbd47fc00a2c39e90264f33305004495a9","hash":"381f144bbe526421ddddca29a432087d5a582dfe"}
,"C:\\Users\\HP\\Desktop\\CONFY\\BEST-PROGRAMMING\\AUCA-Student-Mentorship-Portal\\backend\\src\\routes\\userRoutes.js": {"path":"C:\\Users\\HP\\Desktop\\CONFY\\BEST-PROGRAMMING\\AUCA-Student-Mentorship-Portal\\backend\\src\\routes\\userRoutes.js","statementMap":{"0":{"start":{"line":1,"column":16},"end":{"line":1,"column":34}},"1":{"start":{"line":2,"column":15},"end":{"line":2,"column":31}},"2":{"start":{"line":3,"column":85},"end":{"line":3,"column":125}},"3":{"start":{"line":4,"column":36},"end":{"line":4,"column":76}},"4":{"start":{"line":6,"column":0},"end":{"line":6,"column":56}},"5":{"start":{"line":7,"column":0},"end":{"line":7,"column":83}},"6":{"start":{"line":8,"column":0},"end":{"line":8,"column":77}},"7":{"start":{"line":9,"column":0},"end":{"line":9,"column":79}},"8":{"start":{"line":10,"column":0},"end":{"line":10,"column":59}},"9":{"start":{"line":12,"column":0},"end":{"line":12,"column":24}}},"fnMap":{},"branchMap":{},"s":{"0":2,"1":2,"2":2,"3":2,"4":2,"5":2,"6":2,"7":2,"8":2,"9":2},"f":{},"b":{},"_coverageSchema":"1a1c01bbd47fc00a2c39e90264f33305004495a9","hash":"bb39522ed3089a70263ba4d703284b1428b9956d"}
,"C:\\Users\\HP\\Desktop\\CONFY\\BEST-PROGRAMMING\\AUCA-Student-Mentorship-Portal\\backend\\src\\utils\\helpers.js": {"path":"C:\\Users\\HP\\Desktop\\CONFY\\BEST-PROGRAMMING\\AUCA-Student-Mentorship-Portal\\backend\\src\\utils\\helpers.js","statementMap":{"0":{"start":{"line":4,"column":12},"end":{"line":4,"column":35}},"1":{"start":{"line":9,"column":22},"end":{"line":15,"column":1}},"2":{"start":{"line":10,"column":2},"end":{"line":14,"column":4}},"3":{"start":{"line":20,"column":20},"end":{"line":22,"column":1}},"4":{"start":{"line":21,"column":2},"end":{"line":21,"column":60}},"5":{"start":{"line":27,"column":18},"end":{"line":29,"column":1}},"6":{"start":{"line":28,"column":2},"end":{"line":28,"column":55}},"7":{"start":{"line":31,"column":0},"end":{"line":31,"column":59}}},"fnMap":{"0":{"name":"(anonymous_0)","decl":{"start":{"line":9,"column":22},"end":{"line":9,"column":23}},"loc":{"start":{"line":9,"column":40},"end":{"line":15,"column":1}},"line":9},"1":{"name":"(anonymous_1)","decl":{"start":{"line":20,"column":20},"end":{"line":20,"column":21}},"loc":{"start":{"line":20,"column":70},"end":{"line":22,"column":1}},"line":20},"2":{"name":"(anonymous_2)","decl":{"start":{"line":27,"column":18},"end":{"line":27,"column":19}},"loc":{"start":{"line":27,"column":67},"end":{"line":29,"column":1}},"line":27}},"branchMap":{"0":{"loc":{"start":{"line":12,"column":4},"end":{"line":12,"column":48}},"type":"binary-expr","locations":[{"start":{"line":12,"column":4},"end":{"line":12,"column":26}},{"start":{"line":12,"column":30},"end":{"line":12,"column":48}}],"line":12},"1":{"loc":{"start":{"line":20,"column":32},"end":{"line":20,"column":51}},"type":"default-arg","locations":[{"start":{"line":20,"column":42},"end":{"line":20,"column":51}}],"line":20},"2":{"loc":{"start":{"line":20,"column":53},"end":{"line":20,"column":65}},"type":"default-arg","locations":[{"start":{"line":20,"column":62},"end":{"line":20,"column":65}}],"line":20},"3":{"loc":{"start":{"line":27,"column":24},"end":{"line":27,"column":48}},"type":"default-arg","locations":[{"start":{"line":27,"column":34},"end":{"line":27,"column":48}}],"line":27},"4":{"loc":{"start":{"line":27,"column":50},"end":{"line":27,"column":62}},"type":"default-arg","locations":[{"start":{"line":27,"column":59},"end":{"line":27,"column":62}}],"line":27}},"s":{"0":3,"1":3,"2":4,"3":3,"4":4,"5":3,"6":2,"7":3},"f":{"0":4,"1":4,"2":2},"b":{"0":[4,4],"1":[1],"2":[1],"3":[0],"4":[0]},"_coverageSchema":"1a1c01bbd47fc00a2c39e90264f33305004495a9","hash":"5847dac98f61815d104117a8c00d87f959769668"}
}
