{"D:\\CONFY\\SKL\\BEST-PROGRAMMING\\AUCA-Student-Mentorship-Portal\\backend\\src\\app.js": {"path":"D:\\CONFY\\SKL\\BEST-PROGRAMMING\\AUCA-Student-Mentorship-Portal\\backend\\src\\app.js","statementMap":{"0":{"start":{"line":4,"column":16},"end":{"line":4,"column":34}},"1":{"start":{"line":5,"column":13},"end":{"line":5,"column":28}},"2":{"start":{"line":6,"column":21},"end":{"line":6,"column":58}},"3":{"start":{"line":8,"column":23},"end":{"line":8,"column":53}},"4":{"start":{"line":9,"column":23},"end":{"line":9,"column":53}},"5":{"start":{"line":10,"column":23},"end":{"line":10,"column":56}},"6":{"start":{"line":11,"column":23},"end":{"line":11,"column":57}},"7":{"start":{"line":12,"column":27},"end":{"line":12,"column":65}},"8":{"start":{"line":14,"column":12},"end":{"line":14,"column":21}},"9":{"start":{"line":17,"column":0},"end":{"line":17,"column":77}},"10":{"start":{"line":18,"column":0},"end":{"line":18,"column":24}},"11":{"start":{"line":21,"column":0},"end":{"line":21,"column":37}},"12":{"start":{"line":22,"column":0},"end":{"line":22,"column":37}},"13":{"start":{"line":23,"column":0},"end":{"line":23,"column":40}},"14":{"start":{"line":24,"column":0},"end":{"line":24,"column":41}},"15":{"start":{"line":25,"column":0},"end":{"line":25,"column":50}},"16":{"start":{"line":28,"column":0},"end":{"line":28,"column":94}},"17":{"start":{"line":28,"column":31},"end":{"line":28,"column":92}},"18":{"start":{"line":31,"column":0},"end":{"line":31,"column":22}},"19":{"start":{"line":33,"column":0},"end":{"line":33,"column":21}}},"fnMap":{"0":{"name":"(anonymous_0)","decl":{"start":{"line":28,"column":19},"end":{"line":28,"column":20}},"loc":{"start":{"line":28,"column":31},"end":{"line":28,"column":92}},"line":28}},"branchMap":{"0":{"loc":{"start":{"line":17,"column":23},"end":{"line":17,"column":72}},"type":"binary-expr","locations":[{"start":{"line":17,"column":23},"end":{"line":17,"column":45}},{"start":{"line":17,"column":49},"end":{"line":17,"column":72}}],"line":17}},"s":{"0":2,"1":2,"2":2,"3":2,"4":2,"5":2,"6":2,"7":2,"8":2,"9":2,"10":2,"11":2,"12":2,"13":2,"14":2,"15":2,"16":2,"17":0,"18":2,"19":2},"f":{"0":0},"b":{"0":[2,2]},"_coverageSchema":"1a1c01bbd47fc00a2c39e90264f33305004495a9","hash":"9709e53b9038ec74ff2a0a24ad3916da0f4e809b"}
,"D:\\CONFY\\SKL\\BEST-PROGRAMMING\\AUCA-Student-Mentorship-Portal\\backend\\src\\config\\db.js": {"path":"D:\\CONFY\\SKL\\BEST-PROGRAMMING\\AUCA-Student-Mentorship-Portal\\backend\\src\\config\\db.js","statementMap":{"0":{"start":{"line":2,"column":17},"end":{"line":2,"column":30}},"1":{"start":{"line":4,"column":13},"end":{"line":10,"column":2}},"2":{"start":{"line":12,"column":0},"end":{"line":12,"column":62}},"3":{"start":{"line":12,"column":25},"end":{"line":12,"column":60}},"4":{"start":{"line":13,"column":0},"end":{"line":13,"column":61}},"5":{"start":{"line":13,"column":28},"end":{"line":13,"column":59}},"6":{"start":{"line":15,"column":0},"end":{"line":15,"column":22}}},"fnMap":{"0":{"name":"(anonymous_0)","decl":{"start":{"line":12,"column":19},"end":{"line":12,"column":20}},"loc":{"start":{"line":12,"column":25},"end":{"line":12,"column":60}},"line":12},"1":{"name":"(anonymous_1)","decl":{"start":{"line":13,"column":19},"end":{"line":13,"column":20}},"loc":{"start":{"line":13,"column":28},"end":{"line":13,"column":59}},"line":13}},"branchMap":{"0":{"loc":{"start":{"line":5,"column":12},"end":{"line":5,"column":50}},"type":"binary-expr","locations":[{"start":{"line":5,"column":12},"end":{"line":5,"column":31}},{"start":{"line":5,"column":39},"end":{"line":5,"column":50}}],"line":5},"1":{"loc":{"start":{"line":6,"column":12},"end":{"line":6,"column":49}},"type":"binary-expr","locations":[{"start":{"line":6,"column":12},"end":{"line":6,"column":41}},{"start":{"line":6,"column":45},"end":{"line":6,"column":49}}],"line":6},"2":{"loc":{"start":{"line":7,"column":12},"end":{"line":7,"column":59}},"type":"binary-expr","locations":[{"start":{"line":7,"column":12},"end":{"line":7,"column":31}},{"start":{"line":7,"column":39},"end":{"line":7,"column":59}}],"line":7},"3":{"loc":{"start":{"line":8,"column":12},"end":{"line":8,"column":49}},"type":"binary-expr","locations":[{"start":{"line":8,"column":12},"end":{"line":8,"column":31}},{"start":{"line":8,"column":39},"end":{"line":8,"column":49}}],"line":8},"4":{"loc":{"start":{"line":9,"column":12},"end":{"line":9,"column":45}},"type":"binary-expr","locations":[{"start":{"line":9,"column":12},"end":{"line":9,"column":35}},{"start":{"line":9,"column":39},"end":{"line":9,"column":45}}],"line":9}},"s":{"0":2,"1":2,"2":2,"3":2,"4":2,"5":0,"6":2},"f":{"0":2,"1":0},"b":{"0":[2,2],"1":[2,2],"2":[2,2],"3":[2,2],"4":[2,2]},"_coverageSchema":"1a1c01bbd47fc00a2c39e90264f33305004495a9","hash":"513c0e92e7b298024c587d84299f349c6bb124b5"}
,"D:\\CONFY\\SKL\\BEST-PROGRAMMING\\AUCA-Student-Mentorship-Portal\\backend\\src\\controllers\\authController.js": {"path":"D:\\CONFY\\SKL\\BEST-PROGRAMMING\\AUCA-Student-Mentorship-Portal\\backend\\src\\controllers\\authController.js","statementMap":{"0":{"start":{"line":4,"column":15},"end":{"line":4,"column":32}},"1":{"start":{"line":5,"column":13},"end":{"line":5,"column":38}},"2":{"start":{"line":6,"column":22},"end":{"line":6,"column":56}},"3":{"start":{"line":7,"column":50},"end":{"line":7,"column":77}},"4":{"start":{"line":8,"column":11},"end":{"line":8,"column":34}},"5":{"start":{"line":14,"column":17},"end":{"line":58,"column":1}},"6":{"start":{"line":15,"column":2},"end":{"line":57,"column":3}},"7":{"start":{"line":16,"column":101},"end":{"line":16,"column":109}},"8":{"start":{"line":18,"column":4},"end":{"line":19,"column":80}},"9":{"start":{"line":19,"column":6},"end":{"line":19,"column":80}},"10":{"start":{"line":21,"column":4},"end":{"line":22,"column":66}},"11":{"start":{"line":22,"column":6},"end":{"line":22,"column":66}},"12":{"start":{"line":25,"column":21},"end":{"line":25,"column":50}},"13":{"start":{"line":26,"column":4},"end":{"line":26,"column":73}},"14":{"start":{"line":26,"column":18},"end":{"line":26,"column":73}},"15":{"start":{"line":29,"column":26},"end":{"line":29,"column":57}},"16":{"start":{"line":30,"column":17},"end":{"line":30,"column":77}},"17":{"start":{"line":33,"column":4},"end":{"line":41,"column":5}},"18":{"start":{"line":34,"column":6},"end":{"line":40,"column":9}},"19":{"start":{"line":43,"column":18},"end":{"line":43,"column":51}},"20":{"start":{"line":46,"column":29},"end":{"line":46,"column":88}},"21":{"start":{"line":47,"column":4},"end":{"line":52,"column":5}},"22":{"start":{"line":48,"column":22},"end":{"line":48,"column":62}},"23":{"start":{"line":49,"column":6},"end":{"line":51,"column":7}},"24":{"start":{"line":50,"column":8},"end":{"line":50,"column":108}},"25":{"start":{"line":54,"column":4},"end":{"line":54,"column":70}},"26":{"start":{"line":56,"column":4},"end":{"line":56,"column":14}},"27":{"start":{"line":65,"column":14},"end":{"line":84,"column":1}},"28":{"start":{"line":66,"column":2},"end":{"line":83,"column":3}},"29":{"start":{"line":67,"column":32},"end":{"line":67,"column":40}},"30":{"start":{"line":69,"column":17},"end":{"line":69,"column":46}},"31":{"start":{"line":71,"column":4},"end":{"line":71,"column":65}},"32":{"start":{"line":71,"column":15},"end":{"line":71,"column":65}},"33":{"start":{"line":73,"column":18},"end":{"line":73,"column":68}},"34":{"start":{"line":75,"column":4},"end":{"line":75,"column":66}},"35":{"start":{"line":75,"column":16},"end":{"line":75,"column":66}},"36":{"start":{"line":77,"column":18},"end":{"line":77,"column":51}},"37":{"start":{"line":78,"column":43},"end":{"line":78,"column":47}},"38":{"start":{"line":80,"column":4},"end":{"line":80,"column":68}},"39":{"start":{"line":82,"column":4},"end":{"line":82,"column":14}},"40":{"start":{"line":90,"column":14},"end":{"line":97,"column":1}},"41":{"start":{"line":91,"column":2},"end":{"line":96,"column":3}},"42":{"start":{"line":92,"column":17},"end":{"line":92,"column":49}},"43":{"start":{"line":93,"column":4},"end":{"line":93,"column":27}},"44":{"start":{"line":95,"column":4},"end":{"line":95,"column":14}},"45":{"start":{"line":100,"column":0},"end":{"line":100,"column":44}}},"fnMap":{"0":{"name":"(anonymous_0)","decl":{"start":{"line":14,"column":17},"end":{"line":14,"column":18}},"loc":{"start":{"line":14,"column":43},"end":{"line":58,"column":1}},"line":14},"1":{"name":"(anonymous_1)","decl":{"start":{"line":65,"column":14},"end":{"line":65,"column":15}},"loc":{"start":{"line":65,"column":40},"end":{"line":84,"column":1}},"line":65},"2":{"name":"(anonymous_2)","decl":{"start":{"line":90,"column":14},"end":{"line":90,"column":15}},"loc":{"start":{"line":90,"column":40},"end":{"line":97,"column":1}},"line":90}},"branchMap":{"0":{"loc":{"start":{"line":18,"column":4},"end":{"line":19,"column":80}},"type":"if","locations":[{"start":{"line":18,"column":4},"end":{"line":19,"column":80}},{"start":{},"end":{}}],"line":18},"1":{"loc":{"start":{"line":18,"column":8},"end":{"line":18,"column":45}},"type":"binary-expr","locations":[{"start":{"line":18,"column":8},"end":{"line":18,"column":13}},{"start":{"line":18,"column":17},"end":{"line":18,"column":23}},{"start":{"line":18,"column":27},"end":{"line":18,"column":36}},{"start":{"line":18,"column":40},"end":{"line":18,"column":45}}],"line":18},"2":{"loc":{"start":{"line":21,"column":4},"end":{"line":22,"column":66}},"type":"if","locations":[{"start":{"line":21,"column":4},"end":{"line":22,"column":66}},{"start":{},"end":{}}],"line":21},"3":{"loc":{"start":{"line":26,"column":4},"end":{"line":26,"column":73}},"type":"if","locations":[{"start":{"line":26,"column":4},"end":{"line":26,"column":73}},{"start":{},"end":{}}],"line":26},"4":{"loc":{"start":{"line":33,"column":4},"end":{"line":41,"column":5}},"type":"if","locations":[{"start":{"line":33,"column":4},"end":{"line":41,"column":5}},{"start":{},"end":{}}],"line":33},"5":{"loc":{"start":{"line":36,"column":19},"end":{"line":36,"column":34}},"type":"binary-expr","locations":[{"start":{"line":36,"column":19},"end":{"line":36,"column":28}},{"start":{"line":36,"column":32},"end":{"line":36,"column":34}}],"line":36},"6":{"loc":{"start":{"line":47,"column":4},"end":{"line":52,"column":5}},"type":"if","locations":[{"start":{"line":47,"column":4},"end":{"line":52,"column":5}},{"start":{},"end":{}}],"line":47},"7":{"loc":{"start":{"line":71,"column":4},"end":{"line":71,"column":65}},"type":"if","locations":[{"start":{"line":71,"column":4},"end":{"line":71,"column":65}},{"start":{},"end":{}}],"line":71},"8":{"loc":{"start":{"line":75,"column":4},"end":{"line":75,"column":66}},"type":"if","locations":[{"start":{"line":75,"column":4},"end":{"line":75,"column":66}},{"start":{},"end":{}}],"line":75}},"s":{"0":2,"1":2,"2":2,"3":2,"4":2,"5":2,"6":4,"7":4,"8":4,"9":0,"10":4,"11":0,"12":4,"13":4,"14":1,"15":3,"16":3,"17":3,"18":0,"19":3,"20":3,"21":3,"22":3,"23":3,"24":3,"25":3,"26":0,"27":2,"28":1,"29":1,"30":1,"31":1,"32":0,"33":1,"34":1,"35":1,"36":0,"37":0,"38":0,"39":0,"40":2,"41":0,"42":0,"43":0,"44":0,"45":2},"f":{"0":4,"1":1,"2":0},"b":{"0":[0,4],"1":[4,4,4,4],"2":[0,4],"3":[1,3],"4":[0,3],"5":[0,0],"6":[3,0],"7":[0,1],"8":[1,0]},"_coverageSchema":"1a1c01bbd47fc00a2c39e90264f33305004495a9","hash":"516a6f9c8f8a10069a27a5b44c80bac66c317c14"}
,"D:\\CONFY\\SKL\\BEST-PROGRAMMING\\AUCA-Student-Mentorship-Portal\\backend\\src\\controllers\\feedbackController.js": {"path":"D:\\CONFY\\SKL\\BEST-PROGRAMMING\\AUCA-Student-Mentorship-Portal\\backend\\src\\controllers\\feedbackController.js","statementMap":{"0":{"start":{"line":4,"column":17},"end":{"line":4,"column":46}},"1":{"start":{"line":5,"column":16},"end":{"line":5,"column":44}},"2":{"start":{"line":6,"column":35},"end":{"line":6,"column":62}},"3":{"start":{"line":7,"column":11},"end":{"line":7,"column":34}},"4":{"start":{"line":9,"column":23},"end":{"line":43,"column":1}},"5":{"start":{"line":10,"column":2},"end":{"line":42,"column":30}},"6":{"start":{"line":11,"column":43},"end":{"line":11,"column":51}},"7":{"start":{"line":12,"column":4},"end":{"line":13,"column":71}},"8":{"start":{"line":13,"column":6},"end":{"line":13,"column":71}},"9":{"start":{"line":15,"column":20},"end":{"line":15,"column":64}},"10":{"start":{"line":16,"column":4},"end":{"line":16,"column":66}},"11":{"start":{"line":16,"column":18},"end":{"line":16,"column":66}},"12":{"start":{"line":17,"column":4},"end":{"line":18,"column":71}},"13":{"start":{"line":18,"column":6},"end":{"line":18,"column":71}},"14":{"start":{"line":21,"column":4},"end":{"line":22,"column":71}},"15":{"start":{"line":22,"column":6},"end":{"line":22,"column":71}},"16":{"start":{"line":24,"column":21},"end":{"line":24,"column":71}},"17":{"start":{"line":25,"column":4},"end":{"line":25,"column":75}},"18":{"start":{"line":25,"column":18},"end":{"line":25,"column":75}},"19":{"start":{"line":27,"column":21},"end":{"line":33,"column":6}},"20":{"start":{"line":36,"column":4},"end":{"line":39,"column":6}},"21":{"start":{"line":41,"column":4},"end":{"line":41,"column":58}},"22":{"start":{"line":42,"column":18},"end":{"line":42,"column":28}},"23":{"start":{"line":46,"column":26},"end":{"line":51,"column":1}},"24":{"start":{"line":47,"column":2},"end":{"line":50,"column":30}},"25":{"start":{"line":48,"column":21},"end":{"line":48,"column":72}},"26":{"start":{"line":49,"column":4},"end":{"line":49,"column":31}},"27":{"start":{"line":50,"column":18},"end":{"line":50,"column":28}},"28":{"start":{"line":54,"column":23},"end":{"line":59,"column":1}},"29":{"start":{"line":55,"column":2},"end":{"line":58,"column":30}},"30":{"start":{"line":56,"column":21},"end":{"line":56,"column":44}},"31":{"start":{"line":57,"column":4},"end":{"line":57,"column":31}},"32":{"start":{"line":58,"column":18},"end":{"line":58,"column":28}},"33":{"start":{"line":62,"column":23},"end":{"line":68,"column":1}},"34":{"start":{"line":63,"column":2},"end":{"line":67,"column":30}},"35":{"start":{"line":64,"column":20},"end":{"line":64,"column":66}},"36":{"start":{"line":65,"column":4},"end":{"line":65,"column":67}},"37":{"start":{"line":65,"column":18},"end":{"line":65,"column":67}},"38":{"start":{"line":66,"column":4},"end":{"line":66,"column":60}},"39":{"start":{"line":67,"column":18},"end":{"line":67,"column":28}},"40":{"start":{"line":70,"column":0},"end":{"line":70,"column":87}}},"fnMap":{"0":{"name":"(anonymous_0)","decl":{"start":{"line":9,"column":23},"end":{"line":9,"column":24}},"loc":{"start":{"line":9,"column":49},"end":{"line":43,"column":1}},"line":9},"1":{"name":"(anonymous_1)","decl":{"start":{"line":46,"column":26},"end":{"line":46,"column":27}},"loc":{"start":{"line":46,"column":52},"end":{"line":51,"column":1}},"line":46},"2":{"name":"(anonymous_2)","decl":{"start":{"line":54,"column":23},"end":{"line":54,"column":24}},"loc":{"start":{"line":54,"column":49},"end":{"line":59,"column":1}},"line":54},"3":{"name":"(anonymous_3)","decl":{"start":{"line":62,"column":23},"end":{"line":62,"column":24}},"loc":{"start":{"line":62,"column":49},"end":{"line":68,"column":1}},"line":62}},"branchMap":{"0":{"loc":{"start":{"line":12,"column":4},"end":{"line":13,"column":71}},"type":"if","locations":[{"start":{"line":12,"column":4},"end":{"line":13,"column":71}},{"start":{},"end":{}}],"line":12},"1":{"loc":{"start":{"line":12,"column":8},"end":{"line":12,"column":30}},"type":"binary-expr","locations":[{"start":{"line":12,"column":8},"end":{"line":12,"column":19}},{"start":{"line":12,"column":23},"end":{"line":12,"column":30}}],"line":12},"2":{"loc":{"start":{"line":16,"column":4},"end":{"line":16,"column":66}},"type":"if","locations":[{"start":{"line":16,"column":4},"end":{"line":16,"column":66}},{"start":{},"end":{}}],"line":16},"3":{"loc":{"start":{"line":17,"column":4},"end":{"line":18,"column":71}},"type":"if","locations":[{"start":{"line":17,"column":4},"end":{"line":18,"column":71}},{"start":{},"end":{}}],"line":17},"4":{"loc":{"start":{"line":21,"column":4},"end":{"line":22,"column":71}},"type":"if","locations":[{"start":{"line":21,"column":4},"end":{"line":22,"column":71}},{"start":{},"end":{}}],"line":21},"5":{"loc":{"start":{"line":25,"column":4},"end":{"line":25,"column":75}},"type":"if","locations":[{"start":{"line":25,"column":4},"end":{"line":25,"column":75}},{"start":{},"end":{}}],"line":25},"6":{"loc":{"start":{"line":65,"column":4},"end":{"line":65,"column":67}},"type":"if","locations":[{"start":{"line":65,"column":4},"end":{"line":65,"column":67}},{"start":{},"end":{}}],"line":65}},"s":{"0":2,"1":2,"2":2,"3":2,"4":2,"5":0,"6":0,"7":0,"8":0,"9":0,"10":0,"11":0,"12":0,"13":0,"14":0,"15":0,"16":0,"17":0,"18":0,"19":0,"20":0,"21":0,"22":0,"23":2,"24":0,"25":0,"26":0,"27":0,"28":2,"29":0,"30":0,"31":0,"32":0,"33":2,"34":0,"35":0,"36":0,"37":0,"38":0,"39":0,"40":2},"f":{"0":0,"1":0,"2":0,"3":0},"b":{"0":[0,0],"1":[0,0],"2":[0,0],"3":[0,0],"4":[0,0],"5":[0,0],"6":[0,0]},"_coverageSchema":"1a1c01bbd47fc00a2c39e90264f33305004495a9","hash":"bc01ce668ab91332477b63c48e79a3406650191c"}
,"D:\\CONFY\\SKL\\BEST-PROGRAMMING\\AUCA-Student-Mentorship-Portal\\backend\\src\\controllers\\notificationController.js": {"path":"D:\\CONFY\\SKL\\BEST-PROGRAMMING\\AUCA-Student-Mentorship-Portal\\backend\\src\\controllers\\notificationController.js","statementMap":{"0":{"start":{"line":1,"column":13},"end":{"line":1,"column":36}},"1":{"start":{"line":2,"column":35},"end":{"line":2,"column":62}},"2":{"start":{"line":5,"column":25},"end":{"line":15,"column":1}},"3":{"start":{"line":6,"column":2},"end":{"line":14,"column":3}},"4":{"start":{"line":7,"column":21},"end":{"line":10,"column":5}},"5":{"start":{"line":11,"column":4},"end":{"line":11,"column":27}},"6":{"start":{"line":13,"column":4},"end":{"line":13,"column":14}},"7":{"start":{"line":18,"column":19},"end":{"line":30,"column":1}},"8":{"start":{"line":19,"column":2},"end":{"line":29,"column":3}},"9":{"start":{"line":20,"column":19},"end":{"line":20,"column":29}},"10":{"start":{"line":21,"column":21},"end":{"line":24,"column":5}},"11":{"start":{"line":25,"column":4},"end":{"line":25,"column":80}},"12":{"start":{"line":25,"column":27},"end":{"line":25,"column":80}},"13":{"start":{"line":26,"column":4},"end":{"line":26,"column":30}},"14":{"start":{"line":28,"column":4},"end":{"line":28,"column":14}},"15":{"start":{"line":33,"column":28},"end":{"line":40,"column":1}},"16":{"start":{"line":34,"column":2},"end":{"line":39,"column":3}},"17":{"start":{"line":35,"column":21},"end":{"line":35,"column":93}},"18":{"start":{"line":36,"column":4},"end":{"line":36,"column":27}},"19":{"start":{"line":38,"column":4},"end":{"line":38,"column":14}},"20":{"start":{"line":42,"column":0},"end":{"line":42,"column":71}}},"fnMap":{"0":{"name":"(anonymous_0)","decl":{"start":{"line":5,"column":25},"end":{"line":5,"column":26}},"loc":{"start":{"line":5,"column":51},"end":{"line":15,"column":1}},"line":5},"1":{"name":"(anonymous_1)","decl":{"start":{"line":18,"column":19},"end":{"line":18,"column":20}},"loc":{"start":{"line":18,"column":45},"end":{"line":30,"column":1}},"line":18},"2":{"name":"(anonymous_2)","decl":{"start":{"line":33,"column":28},"end":{"line":33,"column":29}},"loc":{"start":{"line":33,"column":54},"end":{"line":40,"column":1}},"line":33}},"branchMap":{"0":{"loc":{"start":{"line":25,"column":4},"end":{"line":25,"column":80}},"type":"if","locations":[{"start":{"line":25,"column":4},"end":{"line":25,"column":80}},{"start":{},"end":{}}],"line":25}},"s":{"0":2,"1":2,"2":2,"3":0,"4":0,"5":0,"6":0,"7":2,"8":0,"9":0,"10":0,"11":0,"12":0,"13":0,"14":0,"15":2,"16":0,"17":0,"18":0,"19":0,"20":2},"f":{"0":0,"1":0,"2":0},"b":{"0":[0,0]},"_coverageSchema":"1a1c01bbd47fc00a2c39e90264f33305004495a9","hash":"bcaae6a519673fa546aff274255b05efc54f298f"}
,"D:\\CONFY\\SKL\\BEST-PROGRAMMING\\AUCA-Student-Mentorship-Portal\\backend\\src\\controllers\\sessionController.js": {"path":"D:\\CONFY\\SKL\\BEST-PROGRAMMING\\AUCA-Student-Mentorship-Portal\\backend\\src\\controllers\\sessionController.js","statementMap":{"0":{"start":{"line":4,"column":16},"end":{"line":4,"column":44}},"1":{"start":{"line":5,"column":22},"end":{"line":5,"column":56}},"2":{"start":{"line":6,"column":35},"end":{"line":6,"column":62}},"3":{"start":{"line":7,"column":11},"end":{"line":7,"column":34}},"4":{"start":{"line":10,"column":20},"end":{"line":39,"column":1}},"5":{"start":{"line":11,"column":2},"end":{"line":38,"column":30}},"6":{"start":{"line":12,"column":92},"end":{"line":12,"column":100}},"7":{"start":{"line":13,"column":4},"end":{"line":14,"column":83}},"8":{"start":{"line":14,"column":6},"end":{"line":14,"column":83}},"9":{"start":{"line":17,"column":20},"end":{"line":17,"column":63}},"10":{"start":{"line":18,"column":4},"end":{"line":19,"column":59}},"11":{"start":{"line":19,"column":6},"end":{"line":19,"column":59}},"12":{"start":{"line":21,"column":20},"end":{"line":29,"column":6}},"13":{"start":{"line":32,"column":4},"end":{"line":35,"column":6}},"14":{"start":{"line":37,"column":4},"end":{"line":37,"column":53}},"15":{"start":{"line":38,"column":18},"end":{"line":38,"column":28}},"16":{"start":{"line":42,"column":22},"end":{"line":53,"column":1}},"17":{"start":{"line":43,"column":2},"end":{"line":52,"column":30}},"18":{"start":{"line":45,"column":4},"end":{"line":50,"column":40}},"19":{"start":{"line":46,"column":6},"end":{"line":46,"column":56}},"20":{"start":{"line":47,"column":9},"end":{"line":50,"column":40}},"21":{"start":{"line":48,"column":6},"end":{"line":48,"column":56}},"22":{"start":{"line":50,"column":6},"end":{"line":50,"column":40}},"23":{"start":{"line":51,"column":4},"end":{"line":51,"column":31}},"24":{"start":{"line":52,"column":18},"end":{"line":52,"column":28}},"25":{"start":{"line":56,"column":28},"end":{"line":80,"column":1}},"26":{"start":{"line":57,"column":2},"end":{"line":79,"column":30}},"27":{"start":{"line":58,"column":23},"end":{"line":58,"column":31}},"28":{"start":{"line":59,"column":20},"end":{"line":59,"column":70}},"29":{"start":{"line":60,"column":4},"end":{"line":61,"column":51}},"30":{"start":{"line":61,"column":6},"end":{"line":61,"column":51}},"31":{"start":{"line":63,"column":20},"end":{"line":63,"column":67}},"32":{"start":{"line":64,"column":4},"end":{"line":64,"column":66}},"33":{"start":{"line":64,"column":18},"end":{"line":64,"column":66}},"34":{"start":{"line":67,"column":4},"end":{"line":68,"column":74}},"35":{"start":{"line":68,"column":6},"end":{"line":68,"column":74}},"36":{"start":{"line":70,"column":20},"end":{"line":70,"column":66}},"37":{"start":{"line":73,"column":4},"end":{"line":76,"column":6}},"38":{"start":{"line":78,"column":4},"end":{"line":78,"column":51}},"39":{"start":{"line":79,"column":18},"end":{"line":79,"column":28}},"40":{"start":{"line":83,"column":22},"end":{"line":89,"column":1}},"41":{"start":{"line":84,"column":2},"end":{"line":88,"column":30}},"42":{"start":{"line":85,"column":20},"end":{"line":85,"column":65}},"43":{"start":{"line":86,"column":4},"end":{"line":86,"column":66}},"44":{"start":{"line":86,"column":18},"end":{"line":86,"column":66}},"45":{"start":{"line":87,"column":4},"end":{"line":87,"column":59}},"46":{"start":{"line":88,"column":18},"end":{"line":88,"column":28}},"47":{"start":{"line":91,"column":0},"end":{"line":91,"column":84}}},"fnMap":{"0":{"name":"(anonymous_0)","decl":{"start":{"line":10,"column":20},"end":{"line":10,"column":21}},"loc":{"start":{"line":10,"column":46},"end":{"line":39,"column":1}},"line":10},"1":{"name":"(anonymous_1)","decl":{"start":{"line":42,"column":22},"end":{"line":42,"column":23}},"loc":{"start":{"line":42,"column":48},"end":{"line":53,"column":1}},"line":42},"2":{"name":"(anonymous_2)","decl":{"start":{"line":56,"column":28},"end":{"line":56,"column":29}},"loc":{"start":{"line":56,"column":54},"end":{"line":80,"column":1}},"line":56},"3":{"name":"(anonymous_3)","decl":{"start":{"line":83,"column":22},"end":{"line":83,"column":23}},"loc":{"start":{"line":83,"column":48},"end":{"line":89,"column":1}},"line":83}},"branchMap":{"0":{"loc":{"start":{"line":13,"column":4},"end":{"line":14,"column":83}},"type":"if","locations":[{"start":{"line":13,"column":4},"end":{"line":14,"column":83}},{"start":{},"end":{}}],"line":13},"1":{"loc":{"start":{"line":13,"column":8},"end":{"line":13,"column":45}},"type":"binary-expr","locations":[{"start":{"line":13,"column":8},"end":{"line":13,"column":18}},{"start":{"line":13,"column":22},"end":{"line":13,"column":28}},{"start":{"line":13,"column":32},"end":{"line":13,"column":45}}],"line":13},"2":{"loc":{"start":{"line":18,"column":4},"end":{"line":19,"column":59}},"type":"if","locations":[{"start":{"line":18,"column":4},"end":{"line":19,"column":59}},{"start":{},"end":{}}],"line":18},"3":{"loc":{"start":{"line":18,"column":8},"end":{"line":18,"column":58}},"type":"binary-expr","locations":[{"start":{"line":18,"column":8},"end":{"line":18,"column":16}},{"start":{"line":18,"column":20},"end":{"line":18,"column":58}}],"line":18},"4":{"loc":{"start":{"line":45,"column":4},"end":{"line":50,"column":40}},"type":"if","locations":[{"start":{"line":45,"column":4},"end":{"line":50,"column":40}},{"start":{"line":47,"column":9},"end":{"line":50,"column":40}}],"line":45},"5":{"loc":{"start":{"line":47,"column":9},"end":{"line":50,"column":40}},"type":"if","locations":[{"start":{"line":47,"column":9},"end":{"line":50,"column":40}},{"start":{"line":50,"column":6},"end":{"line":50,"column":40}}],"line":47},"6":{"loc":{"start":{"line":60,"column":4},"end":{"line":61,"column":51}},"type":"if","locations":[{"start":{"line":60,"column":4},"end":{"line":61,"column":51}},{"start":{},"end":{}}],"line":60},"7":{"loc":{"start":{"line":64,"column":4},"end":{"line":64,"column":66}},"type":"if","locations":[{"start":{"line":64,"column":4},"end":{"line":64,"column":66}},{"start":{},"end":{}}],"line":64},"8":{"loc":{"start":{"line":67,"column":4},"end":{"line":68,"column":74}},"type":"if","locations":[{"start":{"line":67,"column":4},"end":{"line":68,"column":74}},{"start":{},"end":{}}],"line":67},"9":{"loc":{"start":{"line":67,"column":8},"end":{"line":67,"column":86}},"type":"binary-expr","locations":[{"start":{"line":67,"column":8},"end":{"line":67,"column":49}},{"start":{"line":67,"column":53},"end":{"line":67,"column":86}}],"line":67},"10":{"loc":{"start":{"line":86,"column":4},"end":{"line":86,"column":66}},"type":"if","locations":[{"start":{"line":86,"column":4},"end":{"line":86,"column":66}},{"start":{},"end":{}}],"line":86}},"s":{"0":2,"1":2,"2":2,"3":2,"4":2,"5":0,"6":0,"7":0,"8":0,"9":0,"10":0,"11":0,"12":0,"13":0,"14":0,"15":0,"16":2,"17":1,"18":1,"19":0,"20":1,"21":1,"22":0,"23":1,"24":0,"25":2,"26":0,"27":0,"28":0,"29":0,"30":0,"31":0,"32":0,"33":0,"34":0,"35":0,"36":0,"37":0,"38":0,"39":0,"40":2,"41":0,"42":0,"43":0,"44":0,"45":0,"46":0,"47":2},"f":{"0":0,"1":1,"2":0,"3":0},"b":{"0":[0,0],"1":[0,0,0],"2":[0,0],"3":[0,0],"4":[0,1],"5":[1,0],"6":[0,0],"7":[0,0],"8":[0,0],"9":[0,0],"10":[0,0]},"_coverageSchema":"1a1c01bbd47fc00a2c39e90264f33305004495a9","hash":"4c2d7874d47511f5d4752e40bc22f2d04bff7029"}
,"D:\\CONFY\\SKL\\BEST-PROGRAMMING\\AUCA-Student-Mentorship-Portal\\backend\\src\\controllers\\userController.js": {"path":"D:\\CONFY\\SKL\\BEST-PROGRAMMING\\AUCA-Student-Mentorship-Portal\\backend\\src\\controllers\\userController.js","statementMap":{"0":{"start":{"line":4,"column":13},"end":{"line":4,"column":38}},"1":{"start":{"line":5,"column":22},"end":{"line":5,"column":56}},"2":{"start":{"line":6,"column":35},"end":{"line":6,"column":62}},"3":{"start":{"line":7,"column":11},"end":{"line":7,"column":34}},"4":{"start":{"line":10,"column":19},"end":{"line":15,"column":1}},"5":{"start":{"line":11,"column":2},"end":{"line":14,"column":30}},"6":{"start":{"line":12,"column":20},"end":{"line":12,"column":53}},"7":{"start":{"line":13,"column":4},"end":{"line":13,"column":30}},"8":{"start":{"line":14,"column":18},"end":{"line":14,"column":28}},"9":{"start":{"line":18,"column":26},"end":{"line":23,"column":1}},"10":{"start":{"line":19,"column":2},"end":{"line":22,"column":30}},"11":{"start":{"line":20,"column":20},"end":{"line":20,"column":52}},"12":{"start":{"line":21,"column":4},"end":{"line":21,"column":30}},"13":{"start":{"line":22,"column":18},"end":{"line":22,"column":28}},"14":{"start":{"line":26,"column":22},"end":{"line":47,"column":1}},"15":{"start":{"line":27,"column":2},"end":{"line":46,"column":30}},"16":{"start":{"line":28,"column":23},"end":{"line":28,"column":31}},"17":{"start":{"line":29,"column":4},"end":{"line":30,"column":72}},"18":{"start":{"line":30,"column":6},"end":{"line":30,"column":72}},"19":{"start":{"line":32,"column":20},"end":{"line":36,"column":5}},"20":{"start":{"line":37,"column":4},"end":{"line":37,"column":65}},"21":{"start":{"line":37,"column":18},"end":{"line":37,"column":65}},"22":{"start":{"line":40,"column":4},"end":{"line":43,"column":6}},"23":{"start":{"line":45,"column":4},"end":{"line":45,"column":50}},"24":{"start":{"line":46,"column":18},"end":{"line":46,"column":28}},"25":{"start":{"line":50,"column":20},"end":{"line":55,"column":1}},"26":{"start":{"line":51,"column":2},"end":{"line":54,"column":30}},"27":{"start":{"line":52,"column":18},"end":{"line":52,"column":37}},"28":{"start":{"line":53,"column":4},"end":{"line":53,"column":28}},"29":{"start":{"line":54,"column":18},"end":{"line":54,"column":28}},"30":{"start":{"line":58,"column":22},"end":{"line":64,"column":1}},"31":{"start":{"line":59,"column":2},"end":{"line":63,"column":30}},"32":{"start":{"line":60,"column":26},"end":{"line":60,"column":34}},"33":{"start":{"line":61,"column":20},"end":{"line":61,"column":65}},"34":{"start":{"line":62,"column":4},"end":{"line":62,"column":49}},"35":{"start":{"line":63,"column":18},"end":{"line":63,"column":28}},"36":{"start":{"line":67,"column":19},"end":{"line":73,"column":1}},"37":{"start":{"line":68,"column":2},"end":{"line":72,"column":30}},"38":{"start":{"line":69,"column":20},"end":{"line":69,"column":62}},"39":{"start":{"line":70,"column":4},"end":{"line":70,"column":63}},"40":{"start":{"line":70,"column":18},"end":{"line":70,"column":63}},"41":{"start":{"line":71,"column":4},"end":{"line":71,"column":56}},"42":{"start":{"line":72,"column":18},"end":{"line":72,"column":28}},"43":{"start":{"line":75,"column":0},"end":{"line":75,"column":106}}},"fnMap":{"0":{"name":"(anonymous_0)","decl":{"start":{"line":10,"column":19},"end":{"line":10,"column":20}},"loc":{"start":{"line":10,"column":45},"end":{"line":15,"column":1}},"line":10},"1":{"name":"(anonymous_1)","decl":{"start":{"line":18,"column":26},"end":{"line":18,"column":27}},"loc":{"start":{"line":18,"column":52},"end":{"line":23,"column":1}},"line":18},"2":{"name":"(anonymous_2)","decl":{"start":{"line":26,"column":22},"end":{"line":26,"column":23}},"loc":{"start":{"line":26,"column":48},"end":{"line":47,"column":1}},"line":26},"3":{"name":"(anonymous_3)","decl":{"start":{"line":50,"column":20},"end":{"line":50,"column":21}},"loc":{"start":{"line":50,"column":46},"end":{"line":55,"column":1}},"line":50},"4":{"name":"(anonymous_4)","decl":{"start":{"line":58,"column":22},"end":{"line":58,"column":23}},"loc":{"start":{"line":58,"column":48},"end":{"line":64,"column":1}},"line":58},"5":{"name":"(anonymous_5)","decl":{"start":{"line":67,"column":19},"end":{"line":67,"column":20}},"loc":{"start":{"line":67,"column":45},"end":{"line":73,"column":1}},"line":67}},"branchMap":{"0":{"loc":{"start":{"line":29,"column":4},"end":{"line":30,"column":72}},"type":"if","locations":[{"start":{"line":29,"column":4},"end":{"line":30,"column":72}},{"start":{},"end":{}}],"line":29},"1":{"loc":{"start":{"line":37,"column":4},"end":{"line":37,"column":65}},"type":"if","locations":[{"start":{"line":37,"column":4},"end":{"line":37,"column":65}},{"start":{},"end":{}}],"line":37},"2":{"loc":{"start":{"line":70,"column":4},"end":{"line":70,"column":63}},"type":"if","locations":[{"start":{"line":70,"column":4},"end":{"line":70,"column":63}},{"start":{},"end":{}}],"line":70}},"s":{"0":2,"1":2,"2":2,"3":2,"4":2,"5":0,"6":0,"7":0,"8":0,"9":2,"10":0,"11":0,"12":0,"13":0,"14":2,"15":0,"16":0,"17":0,"18":0,"19":0,"20":0,"21":0,"22":0,"23":0,"24":0,"25":2,"26":0,"27":0,"28":0,"29":0,"30":2,"31":0,"32":0,"33":0,"34":0,"35":0,"36":2,"37":0,"38":0,"39":0,"40":0,"41":0,"42":0,"43":2},"f":{"0":0,"1":0,"2":0,"3":0,"4":0,"5":0},"b":{"0":[0,0],"1":[0,0],"2":[0,0]},"_coverageSchema":"1a1c01bbd47fc00a2c39e90264f33305004495a9","hash":"0d3d00394dd637968d2fcd6b25f22b7e05078ffb"}
,"D:\\CONFY\\SKL\\BEST-PROGRAMMING\\AUCA-Student-Mentorship-Portal\\backend\\src\\middlewares\\authMiddleware.js": {"path":"D:\\CONFY\\SKL\\BEST-PROGRAMMING\\AUCA-Student-Mentorship-Portal\\backend\\src\\middlewares\\authMiddleware.js","statementMap":{"0":{"start":{"line":4,"column":12},"end":{"line":4,"column":35}},"1":{"start":{"line":9,"column":21},"end":{"line":23,"column":1}},"2":{"start":{"line":10,"column":21},"end":{"line":10,"column":46}},"3":{"start":{"line":11,"column":2},"end":{"line":13,"column":3}},"4":{"start":{"line":12,"column":4},"end":{"line":12,"column":82}},"5":{"start":{"line":15,"column":16},"end":{"line":15,"column":40}},"6":{"start":{"line":16,"column":2},"end":{"line":22,"column":3}},"7":{"start":{"line":17,"column":20},"end":{"line":17,"column":83}},"8":{"start":{"line":18,"column":4},"end":{"line":18,"column":23}},"9":{"start":{"line":19,"column":4},"end":{"line":19,"column":11}},"10":{"start":{"line":21,"column":4},"end":{"line":21,"column":82}},"11":{"start":{"line":29,"column":18},"end":{"line":34,"column":1}},"12":{"start":{"line":29,"column":32},"end":{"line":34,"column":1}},"13":{"start":{"line":30,"column":2},"end":{"line":32,"column":3}},"14":{"start":{"line":31,"column":4},"end":{"line":31,"column":78}},"15":{"start":{"line":33,"column":2},"end":{"line":33,"column":9}},"16":{"start":{"line":36,"column":0},"end":{"line":36,"column":45}}},"fnMap":{"0":{"name":"(anonymous_0)","decl":{"start":{"line":9,"column":21},"end":{"line":9,"column":22}},"loc":{"start":{"line":9,"column":41},"end":{"line":23,"column":1}},"line":9},"1":{"name":"(anonymous_1)","decl":{"start":{"line":29,"column":18},"end":{"line":29,"column":19}},"loc":{"start":{"line":29,"column":32},"end":{"line":34,"column":1}},"line":29},"2":{"name":"(anonymous_2)","decl":{"start":{"line":29,"column":32},"end":{"line":29,"column":33}},"loc":{"start":{"line":29,"column":52},"end":{"line":34,"column":1}},"line":29}},"branchMap":{"0":{"loc":{"start":{"line":11,"column":2},"end":{"line":13,"column":3}},"type":"if","locations":[{"start":{"line":11,"column":2},"end":{"line":13,"column":3}},{"start":{},"end":{}}],"line":11},"1":{"loc":{"start":{"line":11,"column":6},"end":{"line":11,"column":54}},"type":"binary-expr","locations":[{"start":{"line":11,"column":6},"end":{"line":11,"column":17}},{"start":{"line":11,"column":21},"end":{"line":11,"column":54}}],"line":11},"2":{"loc":{"start":{"line":17,"column":38},"end":{"line":17,"column":82}},"type":"binary-expr","locations":[{"start":{"line":17,"column":38},"end":{"line":17,"column":60}},{"start":{"line":17,"column":64},"end":{"line":17,"column":82}}],"line":17},"3":{"loc":{"start":{"line":30,"column":2},"end":{"line":32,"column":3}},"type":"if","locations":[{"start":{"line":30,"column":2},"end":{"line":32,"column":3}},{"start":{},"end":{}}],"line":30}},"s":{"0":2,"1":2,"2":2,"3":2,"4":1,"5":1,"6":1,"7":1,"8":1,"9":1,"10":0,"11":2,"12":20,"13":0,"14":0,"15":0,"16":2},"f":{"0":2,"1":20,"2":0},"b":{"0":[1,1],"1":[2,1],"2":[1,1],"3":[0,0]},"_coverageSchema":"1a1c01bbd47fc00a2c39e90264f33305004495a9","hash":"dc10d9339a13af71685723b95005e7c1ccbb3ba7"}
,"D:\\CONFY\\SKL\\BEST-PROGRAMMING\\AUCA-Student-Mentorship-Portal\\backend\\src\\middlewares\\errorHandler.js": {"path":"D:\\CONFY\\SKL\\BEST-PROGRAMMING\\AUCA-Student-Mentorship-Portal\\backend\\src\\middlewares\\errorHandler.js","statementMap":{"0":{"start":{"line":4,"column":21},"end":{"line":11,"column":1}},"1":{"start":{"line":5,"column":2},"end":{"line":5,"column":39}},"2":{"start":{"line":6,"column":17},"end":{"line":6,"column":34}},"3":{"start":{"line":7,"column":2},"end":{"line":10,"column":5}},"4":{"start":{"line":13,"column":0},"end":{"line":13,"column":30}}},"fnMap":{"0":{"name":"(anonymous_0)","decl":{"start":{"line":4,"column":21},"end":{"line":4,"column":22}},"loc":{"start":{"line":4,"column":46},"end":{"line":11,"column":1}},"line":4}},"branchMap":{"0":{"loc":{"start":{"line":6,"column":17},"end":{"line":6,"column":34}},"type":"binary-expr","locations":[{"start":{"line":6,"column":17},"end":{"line":6,"column":27}},{"start":{"line":6,"column":31},"end":{"line":6,"column":34}}],"line":6},"1":{"loc":{"start":{"line":9,"column":13},"end":{"line":9,"column":51}},"type":"binary-expr","locations":[{"start":{"line":9,"column":13},"end":{"line":9,"column":24}},{"start":{"line":9,"column":28},"end":{"line":9,"column":51}}],"line":9}},"s":{"0":2,"1":0,"2":0,"3":0,"4":2},"f":{"0":0},"b":{"0":[0,0],"1":[0,0]},"_coverageSchema":"1a1c01bbd47fc00a2c39e90264f33305004495a9","hash":"df0a8d4d4277e6671f4dd220e07a5e453fa81692"}
,"D:\\CONFY\\SKL\\BEST-PROGRAMMING\\AUCA-Student-Mentorship-Portal\\backend\\src\\models\\Feedback.js": {"path":"D:\\CONFY\\SKL\\BEST-PROGRAMMING\\AUCA-Student-Mentorship-Portal\\backend\\src\\models\\Feedback.js","statementMap":{"0":{"start":{"line":4,"column":11},"end":{"line":4,"column":34}},"1":{"start":{"line":6,"column":17},"end":{"line":60,"column":1}},"2":{"start":{"line":9,"column":21},"end":{"line":13,"column":5}},"3":{"start":{"line":14,"column":4},"end":{"line":14,"column":19}},"4":{"start":{"line":19,"column":21},"end":{"line":22,"column":5}},"5":{"start":{"line":23,"column":4},"end":{"line":23,"column":19}},"6":{"start":{"line":28,"column":21},"end":{"line":35,"column":19}},"7":{"start":{"line":36,"column":4},"end":{"line":36,"column":16}},"8":{"start":{"line":41,"column":21},"end":{"line":51,"column":6}},"9":{"start":{"line":52,"column":4},"end":{"line":52,"column":16}},"10":{"start":{"line":57,"column":25},"end":{"line":57,"column":83}},"11":{"start":{"line":58,"column":4},"end":{"line":58,"column":24}},"12":{"start":{"line":62,"column":0},"end":{"line":62,"column":26}}},"fnMap":{"0":{"name":"(anonymous_0)","decl":{"start":{"line":8,"column":10},"end":{"line":8,"column":11}},"loc":{"start":{"line":8,"column":74},"end":{"line":15,"column":3}},"line":8},"1":{"name":"(anonymous_1)","decl":{"start":{"line":18,"column":17},"end":{"line":18,"column":18}},"loc":{"start":{"line":18,"column":39},"end":{"line":24,"column":3}},"line":18},"2":{"name":"(anonymous_2)","decl":{"start":{"line":27,"column":15},"end":{"line":27,"column":16}},"loc":{"start":{"line":27,"column":36},"end":{"line":37,"column":3}},"line":27},"3":{"name":"(anonymous_3)","decl":{"start":{"line":40,"column":10},"end":{"line":40,"column":11}},"loc":{"start":{"line":40,"column":22},"end":{"line":53,"column":3}},"line":40},"4":{"name":"(anonymous_4)","decl":{"start":{"line":56,"column":10},"end":{"line":56,"column":11}},"loc":{"start":{"line":56,"column":24},"end":{"line":59,"column":3}},"line":56}},"branchMap":{},"s":{"0":2,"1":2,"2":0,"3":0,"4":0,"5":0,"6":0,"7":0,"8":0,"9":0,"10":0,"11":0,"12":2},"f":{"0":0,"1":0,"2":0,"3":0,"4":0},"b":{},"_coverageSchema":"1a1c01bbd47fc00a2c39e90264f33305004495a9","hash":"85577e3586c68a84ebe6998620931ec6808871fa"}
,"D:\\CONFY\\SKL\\BEST-PROGRAMMING\\AUCA-Student-Mentorship-Portal\\backend\\src\\models\\MentorProfile.js": {"path":"D:\\CONFY\\SKL\\BEST-PROGRAMMING\\AUCA-Student-Mentorship-Portal\\backend\\src\\models\\MentorProfile.js","statementMap":{"0":{"start":{"line":4,"column":11},"end":{"line":4,"column":34}},"1":{"start":{"line":6,"column":22},"end":{"line":65,"column":1}},"2":{"start":{"line":9,"column":21},"end":{"line":13,"column":5}},"3":{"start":{"line":14,"column":4},"end":{"line":14,"column":19}},"4":{"start":{"line":19,"column":21},"end":{"line":30,"column":6}},"5":{"start":{"line":31,"column":4},"end":{"line":31,"column":16}},"6":{"start":{"line":36,"column":21},"end":{"line":42,"column":6}},"7":{"start":{"line":43,"column":4},"end":{"line":43,"column":16}},"8":{"start":{"line":48,"column":21},"end":{"line":53,"column":5}},"9":{"start":{"line":54,"column":4},"end":{"line":54,"column":19}},"10":{"start":{"line":59,"column":21},"end":{"line":62,"column":5}},"11":{"start":{"line":63,"column":4},"end":{"line":63,"column":19}},"12":{"start":{"line":67,"column":0},"end":{"line":67,"column":31}}},"fnMap":{"0":{"name":"(anonymous_0)","decl":{"start":{"line":8,"column":10},"end":{"line":8,"column":11}},"loc":{"start":{"line":8,"column":85},"end":{"line":15,"column":3}},"line":8},"1":{"name":"(anonymous_1)","decl":{"start":{"line":18,"column":15},"end":{"line":18,"column":16}},"loc":{"start":{"line":18,"column":27},"end":{"line":32,"column":3}},"line":18},"2":{"name":"(anonymous_2)","decl":{"start":{"line":35,"column":14},"end":{"line":35,"column":15}},"loc":{"start":{"line":35,"column":26},"end":{"line":44,"column":3}},"line":35},"3":{"name":"(anonymous_3)","decl":{"start":{"line":47,"column":16},"end":{"line":47,"column":17}},"loc":{"start":{"line":47,"column":56},"end":{"line":55,"column":3}},"line":47},"4":{"name":"(anonymous_4)","decl":{"start":{"line":58,"column":16},"end":{"line":58,"column":17}},"loc":{"start":{"line":58,"column":35},"end":{"line":64,"column":3}},"line":58}},"branchMap":{},"s":{"0":2,"1":2,"2":0,"3":0,"4":0,"5":0,"6":0,"7":0,"8":0,"9":0,"10":0,"11":0,"12":2},"f":{"0":0,"1":0,"2":0,"3":0,"4":0},"b":{},"_coverageSchema":"1a1c01bbd47fc00a2c39e90264f33305004495a9","hash":"c7cb05c4d18cc88e76a2c36dc53d7955095a1e22"}
,"D:\\CONFY\\SKL\\BEST-PROGRAMMING\\AUCA-Student-Mentorship-Portal\\backend\\src\\models\\Session.js": {"path":"D:\\CONFY\\SKL\\BEST-PROGRAMMING\\AUCA-Student-Mentorship-Portal\\backend\\src\\models\\Session.js","statementMap":{"0":{"start":{"line":4,"column":11},"end":{"line":4,"column":34}},"1":{"start":{"line":6,"column":16},"end":{"line":75,"column":1}},"2":{"start":{"line":9,"column":21},"end":{"line":13,"column":5}},"3":{"start":{"line":14,"column":4},"end":{"line":14,"column":19}},"4":{"start":{"line":19,"column":21},"end":{"line":22,"column":5}},"5":{"start":{"line":23,"column":4},"end":{"line":23,"column":19}},"6":{"start":{"line":28,"column":21},"end":{"line":34,"column":19}},"7":{"start":{"line":35,"column":4},"end":{"line":35,"column":16}},"8":{"start":{"line":40,"column":21},"end":{"line":46,"column":19}},"9":{"start":{"line":47,"column":4},"end":{"line":47,"column":16}},"10":{"start":{"line":52,"column":21},"end":{"line":60,"column":6}},"11":{"start":{"line":61,"column":4},"end":{"line":61,"column":16}},"12":{"start":{"line":66,"column":21},"end":{"line":66,"column":81}},"13":{"start":{"line":67,"column":4},"end":{"line":67,"column":19}},"14":{"start":{"line":72,"column":25},"end":{"line":72,"column":83}},"15":{"start":{"line":73,"column":4},"end":{"line":73,"column":24}},"16":{"start":{"line":77,"column":0},"end":{"line":77,"column":25}}},"fnMap":{"0":{"name":"(anonymous_0)","decl":{"start":{"line":8,"column":10},"end":{"line":8,"column":11}},"loc":{"start":{"line":8,"column":112},"end":{"line":15,"column":3}},"line":8},"1":{"name":"(anonymous_1)","decl":{"start":{"line":18,"column":16},"end":{"line":18,"column":17}},"loc":{"start":{"line":18,"column":38},"end":{"line":24,"column":3}},"line":18},"2":{"name":"(anonymous_2)","decl":{"start":{"line":27,"column":15},"end":{"line":27,"column":16}},"loc":{"start":{"line":27,"column":36},"end":{"line":36,"column":3}},"line":27},"3":{"name":"(anonymous_3)","decl":{"start":{"line":39,"column":15},"end":{"line":39,"column":16}},"loc":{"start":{"line":39,"column":36},"end":{"line":48,"column":3}},"line":39},"4":{"name":"(anonymous_4)","decl":{"start":{"line":51,"column":10},"end":{"line":51,"column":11}},"loc":{"start":{"line":51,"column":22},"end":{"line":62,"column":3}},"line":51},"5":{"name":"(anonymous_5)","decl":{"start":{"line":65,"column":12},"end":{"line":65,"column":13}},"loc":{"start":{"line":65,"column":26},"end":{"line":68,"column":3}},"line":65},"6":{"name":"(anonymous_6)","decl":{"start":{"line":71,"column":10},"end":{"line":71,"column":11}},"loc":{"start":{"line":71,"column":24},"end":{"line":74,"column":3}},"line":71}},"branchMap":{"0":{"loc":{"start":{"line":12,"column":63},"end":{"line":12,"column":85}},"type":"binary-expr","locations":[{"start":{"line":12,"column":63},"end":{"line":12,"column":79}},{"start":{"line":12,"column":83},"end":{"line":12,"column":85}}],"line":12},"1":{"loc":{"start":{"line":12,"column":87},"end":{"line":12,"column":107}},"type":"binary-expr","locations":[{"start":{"line":12,"column":87},"end":{"line":12,"column":99}},{"start":{"line":12,"column":103},"end":{"line":12,"column":107}}],"line":12}},"s":{"0":2,"1":2,"2":0,"3":0,"4":0,"5":0,"6":1,"7":1,"8":0,"9":0,"10":0,"11":0,"12":0,"13":0,"14":0,"15":0,"16":2},"f":{"0":0,"1":0,"2":1,"3":0,"4":0,"5":0,"6":0},"b":{"0":[0,0],"1":[0,0]},"_coverageSchema":"1a1c01bbd47fc00a2c39e90264f33305004495a9","hash":"5e8b84de1e1d713d1e3dac3ae064618a934d6a6b"}
,"D:\\CONFY\\SKL\\BEST-PROGRAMMING\\AUCA-Student-Mentorship-Portal\\backend\\src\\models\\User.js": {"path":"D:\\CONFY\\SKL\\BEST-PROGRAMMING\\AUCA-Student-Mentorship-Portal\\backend\\src\\models\\User.js","statementMap":{"0":{"start":{"line":4,"column":11},"end":{"line":4,"column":34}},"1":{"start":{"line":6,"column":13},"end":{"line":55,"column":1}},"2":{"start":{"line":9,"column":21},"end":{"line":9,"column":84}},"3":{"start":{"line":10,"column":4},"end":{"line":10,"column":19}},"4":{"start":{"line":15,"column":21},"end":{"line":18,"column":5}},"5":{"start":{"line":19,"column":4},"end":{"line":19,"column":19}},"6":{"start":{"line":24,"column":21},"end":{"line":28,"column":5}},"7":{"start":{"line":29,"column":4},"end":{"line":29,"column":19}},"8":{"start":{"line":34,"column":21},"end":{"line":38,"column":5}},"9":{"start":{"line":39,"column":4},"end":{"line":39,"column":19}},"10":{"start":{"line":44,"column":21},"end":{"line":46,"column":5}},"11":{"start":{"line":47,"column":4},"end":{"line":47,"column":16}},"12":{"start":{"line":52,"column":25},"end":{"line":52,"column":80}},"13":{"start":{"line":53,"column":4},"end":{"line":53,"column":24}},"14":{"start":{"line":57,"column":0},"end":{"line":57,"column":22}}},"fnMap":{"0":{"name":"(anonymous_0)","decl":{"start":{"line":8,"column":15},"end":{"line":8,"column":16}},"loc":{"start":{"line":8,"column":32},"end":{"line":11,"column":3}},"line":8},"1":{"name":"(anonymous_1)","decl":{"start":{"line":14,"column":12},"end":{"line":14,"column":13}},"loc":{"start":{"line":14,"column":26},"end":{"line":20,"column":3}},"line":14},"2":{"name":"(anonymous_2)","decl":{"start":{"line":23,"column":10},"end":{"line":23,"column":11}},"loc":{"start":{"line":23,"column":63},"end":{"line":30,"column":3}},"line":23},"3":{"name":"(anonymous_3)","decl":{"start":{"line":33,"column":10},"end":{"line":33,"column":11}},"loc":{"start":{"line":33,"column":39},"end":{"line":40,"column":3}},"line":33},"4":{"name":"(anonymous_4)","decl":{"start":{"line":43,"column":10},"end":{"line":43,"column":11}},"loc":{"start":{"line":43,"column":22},"end":{"line":48,"column":3}},"line":43},"5":{"name":"(anonymous_5)","decl":{"start":{"line":51,"column":10},"end":{"line":51,"column":11}},"loc":{"start":{"line":51,"column":24},"end":{"line":54,"column":3}},"line":51}},"branchMap":{"0":{"loc":{"start":{"line":27,"column":41},"end":{"line":27,"column":52}},"type":"binary-expr","locations":[{"start":{"line":27,"column":41},"end":{"line":27,"column":44}},{"start":{"line":27,"column":48},"end":{"line":27,"column":52}}],"line":27}},"s":{"0":2,"1":2,"2":5,"3":5,"4":0,"5":0,"6":3,"7":3,"8":0,"9":0,"10":0,"11":0,"12":0,"13":0,"14":2},"f":{"0":5,"1":0,"2":3,"3":0,"4":0,"5":0},"b":{"0":[3,3]},"_coverageSchema":"1a1c01bbd47fc00a2c39e90264f33305004495a9","hash":"8bc3f0037f7d603876f50929870950469209da65"}
,"D:\\CONFY\\SKL\\BEST-PROGRAMMING\\AUCA-Student-Mentorship-Portal\\backend\\src\\routes\\authRoutes.js": {"path":"D:\\CONFY\\SKL\\BEST-PROGRAMMING\\AUCA-Student-Mentorship-Portal\\backend\\src\\routes\\authRoutes.js","statementMap":{"0":{"start":{"line":1,"column":16},"end":{"line":1,"column":34}},"1":{"start":{"line":2,"column":15},"end":{"line":2,"column":31}},"2":{"start":{"line":3,"column":35},"end":{"line":3,"column":75}},"3":{"start":{"line":4,"column":25},"end":{"line":4,"column":65}},"4":{"start":{"line":5,"column":15},"end":{"line":5,"column":32}},"5":{"start":{"line":6,"column":13},"end":{"line":6,"column":36}},"6":{"start":{"line":8,"column":0},"end":{"line":8,"column":35}},"7":{"start":{"line":9,"column":0},"end":{"line":9,"column":29}},"8":{"start":{"line":10,"column":0},"end":{"line":10,"column":39}},"9":{"start":{"line":13,"column":0},"end":{"line":25,"column":3}},"10":{"start":{"line":14,"column":2},"end":{"line":24,"column":3}},"11":{"start":{"line":15,"column":22},"end":{"line":15,"column":58}},"12":{"start":{"line":16,"column":21},"end":{"line":16,"column":54}},"13":{"start":{"line":18,"column":4},"end":{"line":18,"column":110}},"14":{"start":{"line":19,"column":4},"end":{"line":19,"column":98}},"15":{"start":{"line":21,"column":4},"end":{"line":21,"column":68}},"16":{"start":{"line":23,"column":4},"end":{"line":23,"column":38}},"17":{"start":{"line":27,"column":0},"end":{"line":27,"column":24}}},"fnMap":{"0":{"name":"(anonymous_0)","decl":{"start":{"line":13,"column":29},"end":{"line":13,"column":30}},"loc":{"start":{"line":13,"column":49},"end":{"line":25,"column":1}},"line":13}},"branchMap":{},"s":{"0":2,"1":2,"2":2,"3":2,"4":2,"5":2,"6":2,"7":2,"8":2,"9":2,"10":0,"11":0,"12":0,"13":0,"14":0,"15":0,"16":0,"17":2},"f":{"0":0},"b":{},"_coverageSchema":"1a1c01bbd47fc00a2c39e90264f33305004495a9","hash":"3c985d27153e6be78ae4ad44c5babda621dc4e4b"}
,"D:\\CONFY\\SKL\\BEST-PROGRAMMING\\AUCA-Student-Mentorship-Portal\\backend\\src\\routes\\feedbackRoutes.js": {"path":"D:\\CONFY\\SKL\\BEST-PROGRAMMING\\AUCA-Student-Mentorship-Portal\\backend\\src\\routes\\feedbackRoutes.js","statementMap":{"0":{"start":{"line":1,"column":16},"end":{"line":1,"column":34}},"1":{"start":{"line":2,"column":15},"end":{"line":2,"column":31}},"2":{"start":{"line":3,"column":78},"end":{"line":3,"column":122}},"3":{"start":{"line":4,"column":36},"end":{"line":4,"column":76}},"4":{"start":{"line":6,"column":0},"end":{"line":6,"column":81}},"5":{"start":{"line":7,"column":0},"end":{"line":7,"column":63}},"6":{"start":{"line":8,"column":0},"end":{"line":8,"column":80}},"7":{"start":{"line":9,"column":0},"end":{"line":9,"column":80}},"8":{"start":{"line":11,"column":0},"end":{"line":11,"column":24}}},"fnMap":{},"branchMap":{},"s":{"0":2,"1":2,"2":2,"3":2,"4":2,"5":2,"6":2,"7":2,"8":2},"f":{},"b":{},"_coverageSchema":"1a1c01bbd47fc00a2c39e90264f33305004495a9","hash":"9285f45af8cba629c391f021808729ce4781b010"}
,"D:\\CONFY\\SKL\\BEST-PROGRAMMING\\AUCA-Student-Mentorship-Portal\\backend\\src\\routes\\notificationRoutes.js": {"path":"D:\\CONFY\\SKL\\BEST-PROGRAMMING\\AUCA-Student-Mentorship-Portal\\backend\\src\\routes\\notificationRoutes.js","statementMap":{"0":{"start":{"line":1,"column":16},"end":{"line":1,"column":34}},"1":{"start":{"line":2,"column":15},"end":{"line":2,"column":31}},"2":{"start":{"line":3,"column":62},"end":{"line":3,"column":110}},"3":{"start":{"line":4,"column":36},"end":{"line":4,"column":76}},"4":{"start":{"line":6,"column":0},"end":{"line":6,"column":48}},"5":{"start":{"line":7,"column":0},"end":{"line":7,"column":74}},"6":{"start":{"line":8,"column":0},"end":{"line":8,"column":52}},"7":{"start":{"line":10,"column":0},"end":{"line":10,"column":24}}},"fnMap":{},"branchMap":{},"s":{"0":2,"1":2,"2":2,"3":2,"4":2,"5":2,"6":2,"7":2},"f":{},"b":{},"_coverageSchema":"1a1c01bbd47fc00a2c39e90264f33305004495a9","hash":"e0b854b8b931326342b0d4043aa039d678b6a771"}
,"D:\\CONFY\\SKL\\BEST-PROGRAMMING\\AUCA-Student-Mentorship-Portal\\backend\\src\\routes\\sessionRoutes.js": {"path":"D:\\CONFY\\SKL\\BEST-PROGRAMMING\\AUCA-Student-Mentorship-Portal\\backend\\src\\routes\\sessionRoutes.js","statementMap":{"0":{"start":{"line":1,"column":16},"end":{"line":1,"column":34}},"1":{"start":{"line":2,"column":15},"end":{"line":2,"column":31}},"2":{"start":{"line":3,"column":75},"end":{"line":3,"column":118}},"3":{"start":{"line":4,"column":36},"end":{"line":4,"column":76}},"4":{"start":{"line":6,"column":0},"end":{"line":6,"column":78}},"5":{"start":{"line":7,"column":0},"end":{"line":7,"column":59}},"6":{"start":{"line":8,"column":0},"end":{"line":8,"column":65}},"7":{"start":{"line":9,"column":0},"end":{"line":9,"column":79}},"8":{"start":{"line":11,"column":0},"end":{"line":11,"column":24}}},"fnMap":{},"branchMap":{},"s":{"0":2,"1":2,"2":2,"3":2,"4":2,"5":2,"6":2,"7":2,"8":2},"f":{},"b":{},"_coverageSchema":"1a1c01bbd47fc00a2c39e90264f33305004495a9","hash":"180486351c795f74b4db5661ce451268b2b6b2d7"}
,"D:\\CONFY\\SKL\\BEST-PROGRAMMING\\AUCA-Student-Mentorship-Portal\\backend\\src\\routes\\userRoutes.js": {"path":"D:\\CONFY\\SKL\\BEST-PROGRAMMING\\AUCA-Student-Mentorship-Portal\\backend\\src\\routes\\userRoutes.js","statementMap":{"0":{"start":{"line":1,"column":16},"end":{"line":1,"column":34}},"1":{"start":{"line":2,"column":15},"end":{"line":2,"column":31}},"2":{"start":{"line":3,"column":97},"end":{"line":3,"column":137}},"3":{"start":{"line":4,"column":36},"end":{"line":4,"column":76}},"4":{"start":{"line":6,"column":0},"end":{"line":6,"column":56}},"5":{"start":{"line":7,"column":0},"end":{"line":7,"column":83}},"6":{"start":{"line":8,"column":0},"end":{"line":8,"column":77}},"7":{"start":{"line":9,"column":0},"end":{"line":9,"column":79}},"8":{"start":{"line":10,"column":0},"end":{"line":10,"column":76}},"9":{"start":{"line":11,"column":0},"end":{"line":11,"column":59}},"10":{"start":{"line":13,"column":0},"end":{"line":13,"column":24}}},"fnMap":{},"branchMap":{},"s":{"0":2,"1":2,"2":2,"3":2,"4":2,"5":2,"6":2,"7":2,"8":2,"9":2,"10":2},"f":{},"b":{},"_coverageSchema":"1a1c01bbd47fc00a2c39e90264f33305004495a9","hash":"abd0dfee640806b2af649fd2827610042d6efa80"}
,"D:\\CONFY\\SKL\\BEST-PROGRAMMING\\AUCA-Student-Mentorship-Portal\\backend\\src\\utils\\helpers.js": {"path":"D:\\CONFY\\SKL\\BEST-PROGRAMMING\\AUCA-Student-Mentorship-Portal\\backend\\src\\utils\\helpers.js","statementMap":{"0":{"start":{"line":4,"column":12},"end":{"line":4,"column":35}},"1":{"start":{"line":9,"column":22},"end":{"line":15,"column":1}},"2":{"start":{"line":10,"column":2},"end":{"line":14,"column":4}},"3":{"start":{"line":20,"column":20},"end":{"line":22,"column":1}},"4":{"start":{"line":21,"column":2},"end":{"line":21,"column":60}},"5":{"start":{"line":27,"column":18},"end":{"line":29,"column":1}},"6":{"start":{"line":28,"column":2},"end":{"line":28,"column":55}},"7":{"start":{"line":31,"column":0},"end":{"line":31,"column":59}}},"fnMap":{"0":{"name":"(anonymous_0)","decl":{"start":{"line":9,"column":22},"end":{"line":9,"column":23}},"loc":{"start":{"line":9,"column":40},"end":{"line":15,"column":1}},"line":9},"1":{"name":"(anonymous_1)","decl":{"start":{"line":20,"column":20},"end":{"line":20,"column":21}},"loc":{"start":{"line":20,"column":70},"end":{"line":22,"column":1}},"line":20},"2":{"name":"(anonymous_2)","decl":{"start":{"line":27,"column":18},"end":{"line":27,"column":19}},"loc":{"start":{"line":27,"column":67},"end":{"line":29,"column":1}},"line":27}},"branchMap":{"0":{"loc":{"start":{"line":12,"column":4},"end":{"line":12,"column":48}},"type":"binary-expr","locations":[{"start":{"line":12,"column":4},"end":{"line":12,"column":26}},{"start":{"line":12,"column":30},"end":{"line":12,"column":48}}],"line":12},"1":{"loc":{"start":{"line":20,"column":32},"end":{"line":20,"column":51}},"type":"default-arg","locations":[{"start":{"line":20,"column":42},"end":{"line":20,"column":51}}],"line":20},"2":{"loc":{"start":{"line":20,"column":53},"end":{"line":20,"column":65}},"type":"default-arg","locations":[{"start":{"line":20,"column":62},"end":{"line":20,"column":65}}],"line":20},"3":{"loc":{"start":{"line":27,"column":24},"end":{"line":27,"column":48}},"type":"default-arg","locations":[{"start":{"line":27,"column":34},"end":{"line":27,"column":48}}],"line":27},"4":{"loc":{"start":{"line":27,"column":50},"end":{"line":27,"column":62}},"type":"default-arg","locations":[{"start":{"line":27,"column":59},"end":{"line":27,"column":62}}],"line":27}},"s":{"0":3,"1":3,"2":4,"3":3,"4":4,"5":3,"6":2,"7":3},"f":{"0":4,"1":4,"2":2},"b":{"0":[4,4],"1":[1],"2":[1],"3":[0],"4":[0]},"_coverageSchema":"1a1c01bbd47fc00a2c39e90264f33305004495a9","hash":"54e33907c089c4b055b553ec48cfdabf86cb7783"}
}
