TN:
SF:src\app.js
FN:28,(anonymous_0)
FNF:1
FNH:0
FNDA:0,(anonymous_0)
DA:4,2
DA:5,2
DA:6,2
DA:8,2
DA:9,2
DA:10,2
DA:11,2
DA:12,2
DA:14,2
DA:17,2
DA:18,2
DA:21,2
DA:22,2
DA:23,2
DA:24,2
DA:25,2
DA:28,2
DA:31,2
DA:33,2
LF:19
LH:19
BRDA:17,0,0,2
BRDA:17,0,1,2
BRF:2
BRH:2
end_of_record
TN:
SF:src\config\db.js
FN:12,(anonymous_0)
FN:13,(anonymous_1)
FNF:2
FNH:1
FNDA:2,(anonymous_0)
FNDA:0,(anonymous_1)
DA:2,2
DA:4,2
DA:12,2
DA:13,2
DA:15,2
LF:5
LH:5
BRDA:5,0,0,2
BRDA:5,0,1,2
BRDA:6,1,0,2
BRDA:6,1,1,2
BRDA:7,2,0,2
BRDA:7,2,1,2
BRDA:8,3,0,2
BRDA:8,3,1,2
BRDA:9,4,0,2
BRDA:9,4,1,2
BRF:10
BRH:10
end_of_record
TN:
SF:src\controllers\authController.js
FN:14,(anonymous_0)
FN:65,(anonymous_1)
FN:90,(anonymous_2)
FNF:3
FNH:2
FNDA:4,(anonymous_0)
FNDA:1,(anonymous_1)
FNDA:0,(anonymous_2)
DA:4,2
DA:5,2
DA:6,2
DA:7,2
DA:8,2
DA:14,2
DA:15,4
DA:16,4
DA:18,4
DA:19,0
DA:21,4
DA:22,0
DA:25,4
DA:26,4
DA:29,3
DA:30,3
DA:33,3
DA:34,0
DA:43,3
DA:46,3
DA:47,3
DA:48,3
DA:49,3
DA:50,3
DA:54,3
DA:56,0
DA:65,2
DA:66,1
DA:67,1
DA:69,1
DA:71,1
DA:73,1
DA:75,1
DA:77,0
DA:78,0
DA:80,0
DA:82,0
DA:90,2
DA:91,0
DA:92,0
DA:93,0
DA:95,0
DA:100,2
LF:43
LH:31
BRDA:18,0,0,0
BRDA:18,0,1,4
BRDA:18,1,0,4
BRDA:18,1,1,4
BRDA:18,1,2,4
BRDA:18,1,3,4
BRDA:21,2,0,0
BRDA:21,2,1,4
BRDA:26,3,0,1
BRDA:26,3,1,3
BRDA:33,4,0,0
BRDA:33,4,1,3
BRDA:36,5,0,0
BRDA:36,5,1,0
BRDA:47,6,0,3
BRDA:47,6,1,0
BRDA:71,7,0,0
BRDA:71,7,1,1
BRDA:75,8,0,1
BRDA:75,8,1,0
BRF:20
BRH:12
end_of_record
TN:
SF:src\controllers\feedbackController.js
FN:9,(anonymous_0)
FN:46,(anonymous_1)
FN:54,(anonymous_2)
FN:62,(anonymous_3)
FNF:4
FNH:0
FNDA:0,(anonymous_0)
FNDA:0,(anonymous_1)
FNDA:0,(anonymous_2)
FNDA:0,(anonymous_3)
DA:4,2
DA:5,2
DA:6,2
DA:7,2
DA:9,2
DA:10,0
DA:11,0
DA:12,0
DA:13,0
DA:15,0
DA:16,0
DA:17,0
DA:18,0
DA:21,0
DA:22,0
DA:24,0
DA:25,0
DA:27,0
DA:36,0
DA:41,0
DA:42,0
DA:46,2
DA:47,0
DA:48,0
DA:49,0
DA:50,0
DA:54,2
DA:55,0
DA:56,0
DA:57,0
DA:58,0
DA:62,2
DA:63,0
DA:64,0
DA:65,0
DA:66,0
DA:67,0
DA:70,2
LF:38
LH:9
BRDA:12,0,0,0
BRDA:12,0,1,0
BRDA:12,1,0,0
BRDA:12,1,1,0
BRDA:16,2,0,0
BRDA:16,2,1,0
BRDA:17,3,0,0
BRDA:17,3,1,0
BRDA:21,4,0,0
BRDA:21,4,1,0
BRDA:25,5,0,0
BRDA:25,5,1,0
BRDA:65,6,0,0
BRDA:65,6,1,0
BRF:14
BRH:0
end_of_record
TN:
SF:src\controllers\notificationController.js
FN:5,(anonymous_0)
FN:18,(anonymous_1)
FN:33,(anonymous_2)
FNF:3
FNH:0
FNDA:0,(anonymous_0)
FNDA:0,(anonymous_1)
FNDA:0,(anonymous_2)
DA:1,2
DA:2,2
DA:5,2
DA:6,0
DA:7,0
DA:11,0
DA:13,0
DA:18,2
DA:19,0
DA:20,0
DA:21,0
DA:25,0
DA:26,0
DA:28,0
DA:33,2
DA:34,0
DA:35,0
DA:36,0
DA:38,0
DA:42,2
LF:20
LH:6
BRDA:25,0,0,0
BRDA:25,0,1,0
BRF:2
BRH:0
end_of_record
TN:
SF:src\controllers\sessionController.js
FN:10,(anonymous_0)
FN:42,(anonymous_1)
FN:56,(anonymous_2)
FN:83,(anonymous_3)
FNF:4
FNH:1
FNDA:0,(anonymous_0)
FNDA:1,(anonymous_1)
FNDA:0,(anonymous_2)
FNDA:0,(anonymous_3)
DA:4,2
DA:5,2
DA:6,2
DA:7,2
DA:10,2
DA:11,0
DA:12,0
DA:13,0
DA:14,0
DA:17,0
DA:18,0
DA:19,0
DA:21,0
DA:32,0
DA:37,0
DA:38,0
DA:42,2
DA:43,1
DA:45,1
DA:46,0
DA:47,1
DA:48,1
DA:50,0
DA:51,1
DA:52,0
DA:56,2
DA:57,0
DA:58,0
DA:59,0
DA:60,0
DA:61,0
DA:63,0
DA:64,0
DA:67,0
DA:68,0
DA:70,0
DA:73,0
DA:78,0
DA:79,0
DA:83,2
DA:84,0
DA:85,0
DA:86,0
DA:87,0
DA:88,0
DA:91,2
LF:46
LH:14
BRDA:13,0,0,0
BRDA:13,0,1,0
BRDA:13,1,0,0
BRDA:13,1,1,0
BRDA:13,1,2,0
BRDA:18,2,0,0
BRDA:18,2,1,0
BRDA:18,3,0,0
BRDA:18,3,1,0
BRDA:45,4,0,0
BRDA:45,4,1,1
BRDA:47,5,0,1
BRDA:47,5,1,0
BRDA:60,6,0,0
BRDA:60,6,1,0
BRDA:64,7,0,0
BRDA:64,7,1,0
BRDA:67,8,0,0
BRDA:67,8,1,0
BRDA:67,9,0,0
BRDA:67,9,1,0
BRDA:86,10,0,0
BRDA:86,10,1,0
BRF:23
BRH:2
end_of_record
TN:
SF:src\controllers\userController.js
FN:10,(anonymous_0)
FN:18,(anonymous_1)
FN:26,(anonymous_2)
FN:50,(anonymous_3)
FN:58,(anonymous_4)
FN:67,(anonymous_5)
FNF:6
FNH:0
FNDA:0,(anonymous_0)
FNDA:0,(anonymous_1)
FNDA:0,(anonymous_2)
FNDA:0,(anonymous_3)
FNDA:0,(anonymous_4)
FNDA:0,(anonymous_5)
DA:4,2
DA:5,2
DA:6,2
DA:7,2
DA:10,2
DA:11,0
DA:12,0
DA:13,0
DA:14,0
DA:18,2
DA:19,0
DA:20,0
DA:21,0
DA:22,0
DA:26,2
DA:27,0
DA:28,0
DA:29,0
DA:30,0
DA:32,0
DA:37,0
DA:40,0
DA:45,0
DA:46,0
DA:50,2
DA:51,0
DA:52,0
DA:53,0
DA:54,0
DA:58,2
DA:59,0
DA:60,0
DA:61,0
DA:62,0
DA:63,0
DA:67,2
DA:68,0
DA:69,0
DA:70,0
DA:71,0
DA:72,0
DA:75,2
LF:42
LH:11
BRDA:29,0,0,0
BRDA:29,0,1,0
BRDA:37,1,0,0
BRDA:37,1,1,0
BRDA:70,2,0,0
BRDA:70,2,1,0
BRF:6
BRH:0
end_of_record
TN:
SF:src\middlewares\authMiddleware.js
FN:9,(anonymous_0)
FN:29,(anonymous_1)
FN:29,(anonymous_2)
FNF:3
FNH:2
FNDA:2,(anonymous_0)
FNDA:20,(anonymous_1)
FNDA:0,(anonymous_2)
DA:4,2
DA:9,2
DA:10,2
DA:11,2
DA:12,1
DA:15,1
DA:16,1
DA:17,1
DA:18,1
DA:19,1
DA:21,0
DA:29,20
DA:30,0
DA:31,0
DA:33,0
DA:36,2
LF:16
LH:12
BRDA:11,0,0,1
BRDA:11,0,1,1
BRDA:11,1,0,2
BRDA:11,1,1,1
BRDA:17,2,0,1
BRDA:17,2,1,1
BRDA:30,3,0,0
BRDA:30,3,1,0
BRF:8
BRH:6
end_of_record
TN:
SF:src\middlewares\errorHandler.js
FN:4,(anonymous_0)
FNF:1
FNH:0
FNDA:0,(anonymous_0)
DA:4,2
DA:5,0
DA:6,0
DA:7,0
DA:13,2
LF:5
LH:2
BRDA:6,0,0,0
BRDA:6,0,1,0
BRDA:9,1,0,0
BRDA:9,1,1,0
BRF:4
BRH:0
end_of_record
TN:
SF:src\models\Feedback.js
FN:8,(anonymous_0)
FN:18,(anonymous_1)
FN:27,(anonymous_2)
FN:40,(anonymous_3)
FN:56,(anonymous_4)
FNF:5
FNH:0
FNDA:0,(anonymous_0)
FNDA:0,(anonymous_1)
FNDA:0,(anonymous_2)
FNDA:0,(anonymous_3)
FNDA:0,(anonymous_4)
DA:4,2
DA:6,2
DA:9,0
DA:14,0
DA:19,0
DA:23,0
DA:28,0
DA:36,0
DA:41,0
DA:52,0
DA:57,0
DA:58,0
DA:62,2
LF:13
LH:3
BRF:0
BRH:0
end_of_record
TN:
SF:src\models\MentorProfile.js
FN:8,(anonymous_0)
FN:18,(anonymous_1)
FN:35,(anonymous_2)
FN:47,(anonymous_3)
FN:58,(anonymous_4)
FNF:5
FNH:0
FNDA:0,(anonymous_0)
FNDA:0,(anonymous_1)
FNDA:0,(anonymous_2)
FNDA:0,(anonymous_3)
FNDA:0,(anonymous_4)
DA:4,2
DA:6,2
DA:9,0
DA:14,0
DA:19,0
DA:31,0
DA:36,0
DA:43,0
DA:48,0
DA:54,0
DA:59,0
DA:63,0
DA:67,2
LF:13
LH:3
BRF:0
BRH:0
end_of_record
TN:
SF:src\models\Session.js
FN:8,(anonymous_0)
FN:18,(anonymous_1)
FN:27,(anonymous_2)
FN:39,(anonymous_3)
FN:51,(anonymous_4)
FN:65,(anonymous_5)
FN:71,(anonymous_6)
FNF:7
FNH:1
FNDA:0,(anonymous_0)
FNDA:0,(anonymous_1)
FNDA:1,(anonymous_2)
FNDA:0,(anonymous_3)
FNDA:0,(anonymous_4)
FNDA:0,(anonymous_5)
FNDA:0,(anonymous_6)
DA:4,2
DA:6,2
DA:9,0
DA:14,0
DA:19,0
DA:23,0
DA:28,1
DA:35,1
DA:40,0
DA:47,0
DA:52,0
DA:61,0
DA:66,0
DA:67,0
DA:72,0
DA:73,0
DA:77,2
LF:17
LH:5
BRDA:12,0,0,0
BRDA:12,0,1,0
BRDA:12,1,0,0
BRDA:12,1,1,0
BRF:4
BRH:0
end_of_record
TN:
SF:src\models\User.js
FN:8,(anonymous_0)
FN:14,(anonymous_1)
FN:23,(anonymous_2)
FN:33,(anonymous_3)
FN:43,(anonymous_4)
FN:51,(anonymous_5)
FNF:6
FNH:2
FNDA:5,(anonymous_0)
FNDA:0,(anonymous_1)
FNDA:3,(anonymous_2)
FNDA:0,(anonymous_3)
FNDA:0,(anonymous_4)
FNDA:0,(anonymous_5)
DA:4,2
DA:6,2
DA:9,5
DA:10,5
DA:15,0
DA:19,0
DA:24,3
DA:29,3
DA:34,0
DA:39,0
DA:44,0
DA:47,0
DA:52,0
DA:53,0
DA:57,2
LF:15
LH:7
BRDA:27,0,0,3
BRDA:27,0,1,3
BRF:2
BRH:2
end_of_record
TN:
SF:src\routes\authRoutes.js
FN:13,(anonymous_0)
FNF:1
FNH:0
FNDA:0,(anonymous_0)
DA:1,2
DA:2,2
DA:3,2
DA:4,2
DA:5,2
DA:6,2
DA:8,2
DA:9,2
DA:10,2
DA:13,2
DA:14,0
DA:15,0
DA:16,0
DA:18,0
DA:19,0
DA:21,0
DA:23,0
DA:27,2
LF:18
LH:11
BRF:0
BRH:0
end_of_record
TN:
SF:src\routes\feedbackRoutes.js
FNF:0
FNH:0
DA:1,2
DA:2,2
DA:3,2
DA:4,2
DA:6,2
DA:7,2
DA:8,2
DA:9,2
DA:11,2
LF:9
LH:9
BRF:0
BRH:0
end_of_record
TN:
SF:src\routes\notificationRoutes.js
FNF:0
FNH:0
DA:1,2
DA:2,2
DA:3,2
DA:4,2
DA:6,2
DA:7,2
DA:8,2
DA:10,2
LF:8
LH:8
BRF:0
BRH:0
end_of_record
TN:
SF:src\routes\sessionRoutes.js
FNF:0
FNH:0
DA:1,2
DA:2,2
DA:3,2
DA:4,2
DA:6,2
DA:7,2
DA:8,2
DA:9,2
DA:11,2
LF:9
LH:9
BRF:0
BRH:0
end_of_record
TN:
SF:src\routes\userRoutes.js
FNF:0
FNH:0
DA:1,2
DA:2,2
DA:3,2
DA:4,2
DA:6,2
DA:7,2
DA:8,2
DA:9,2
DA:10,2
DA:11,2
DA:13,2
LF:11
LH:11
BRF:0
BRH:0
end_of_record
TN:
SF:src\utils\helpers.js
FN:9,(anonymous_0)
FN:20,(anonymous_1)
FN:27,(anonymous_2)
FNF:3
FNH:3
FNDA:4,(anonymous_0)
FNDA:4,(anonymous_1)
FNDA:2,(anonymous_2)
DA:4,3
DA:9,3
DA:10,4
DA:20,3
DA:21,4
DA:27,3
DA:28,2
DA:31,3
LF:8
LH:8
BRDA:12,0,0,4
BRDA:12,0,1,4
BRDA:20,1,0,1
BRDA:20,2,0,1
BRDA:27,3,0,0
BRDA:27,4,0,0
BRF:6
BRH:4
end_of_record
