TN:
SF:src\app.js
FN:26,(anonymous_0)
FNF:1
FNH:0
FNDA:0,(anonymous_0)
DA:4,2
DA:5,2
DA:6,2
DA:8,2
DA:9,2
DA:10,2
DA:11,2
DA:13,2
DA:16,2
DA:17,2
DA:20,2
DA:21,2
DA:22,2
DA:23,2
DA:26,2
DA:29,2
DA:31,2
LF:17
LH:17
BRDA:16,0,0,2
BRDA:16,0,1,2
BRF:2
BRH:2
end_of_record
TN:
SF:src\config\db.js
FN:14,(anonymous_0)
FN:15,(anonymous_1)
FNF:2
FNH:1
FNDA:2,(anonymous_0)
FNDA:0,(anonymous_1)
DA:4,2
DA:6,2
DA:14,2
DA:15,2
DA:17,2
LF:5
LH:5
BRDA:7,0,0,2
BRDA:7,0,1,2
BRDA:8,1,0,2
BRDA:8,1,1,2
BRDA:9,2,0,2
BRDA:9,2,1,2
BRDA:10,3,0,2
BRDA:10,3,1,2
BRDA:11,4,0,2
BRDA:11,4,1,2
BRF:10
BRH:10
end_of_record
TN:
SF:src\controllers\authController.js
FN:13,(anonymous_0)
FN:54,(anonymous_1)
FN:79,(anonymous_2)
FNF:3
FNH:2
FNDA:4,(anonymous_0)
FNDA:1,(anonymous_1)
FNDA:0,(anonymous_2)
DA:4,2
DA:5,2
DA:6,2
DA:7,2
DA:13,2
DA:14,4
DA:15,4
DA:17,4
DA:18,0
DA:20,4
DA:21,0
DA:24,4
DA:25,4
DA:28,3
DA:29,3
DA:32,3
DA:33,0
DA:42,3
DA:43,3
DA:45,0
DA:54,2
DA:55,1
DA:56,1
DA:58,1
DA:60,1
DA:62,1
DA:64,1
DA:66,0
DA:67,0
DA:69,0
DA:71,0
DA:79,2
DA:80,0
DA:81,0
DA:82,0
DA:84,0
DA:89,2
LF:37
LH:25
BRDA:17,0,0,0
BRDA:17,0,1,4
BRDA:17,1,0,4
BRDA:17,1,1,4
BRDA:17,1,2,4
BRDA:17,1,3,4
BRDA:20,2,0,0
BRDA:20,2,1,4
BRDA:25,3,0,1
BRDA:25,3,1,3
BRDA:32,4,0,0
BRDA:32,4,1,3
BRDA:35,5,0,0
BRDA:35,5,1,0
BRDA:60,6,0,0
BRDA:60,6,1,1
BRDA:64,7,0,1
BRDA:64,7,1,0
BRF:18
BRH:11
end_of_record
TN:
SF:src\controllers\feedbackController.js
FN:8,(anonymous_0)
FN:38,(anonymous_1)
FN:46,(anonymous_2)
FNF:3
FNH:0
FNDA:0,(anonymous_0)
FNDA:0,(anonymous_1)
FNDA:0,(anonymous_2)
DA:4,2
DA:5,2
DA:6,2
DA:8,2
DA:9,0
DA:10,0
DA:11,0
DA:12,0
DA:14,0
DA:15,0
DA:16,0
DA:17,0
DA:20,0
DA:21,0
DA:23,0
DA:24,0
DA:26,0
DA:33,0
DA:34,0
DA:38,2
DA:39,0
DA:40,0
DA:41,0
DA:42,0
DA:46,2
DA:47,0
DA:48,0
DA:49,0
DA:50,0
DA:53,2
LF:30
LH:7
BRDA:11,0,0,0
BRDA:11,0,1,0
BRDA:11,1,0,0
BRDA:11,1,1,0
BRDA:15,2,0,0
BRDA:15,2,1,0
BRDA:16,3,0,0
BRDA:16,3,1,0
BRDA:20,4,0,0
BRDA:20,4,1,0
BRDA:24,5,0,0
BRDA:24,5,1,0
BRF:12
BRH:0
end_of_record
TN:
SF:src\controllers\sessionController.js
FN:9,(anonymous_0)
FN:34,(anonymous_1)
FN:48,(anonymous_2)
FNF:3
FNH:1
FNDA:0,(anonymous_0)
FNDA:1,(anonymous_1)
FNDA:0,(anonymous_2)
DA:4,2
DA:5,2
DA:6,2
DA:9,2
DA:10,0
DA:11,0
DA:12,0
DA:13,0
DA:16,0
DA:17,0
DA:18,0
DA:20,0
DA:29,0
DA:30,0
DA:34,2
DA:35,1
DA:37,1
DA:38,0
DA:39,1
DA:40,1
DA:42,0
DA:43,1
DA:44,0
DA:48,2
DA:49,0
DA:50,0
DA:51,0
DA:52,0
DA:53,0
DA:55,0
DA:56,0
DA:59,0
DA:60,0
DA:62,0
DA:63,0
DA:64,0
DA:67,2
LF:37
LH:12
BRDA:12,0,0,0
BRDA:12,0,1,0
BRDA:12,1,0,0
BRDA:12,1,1,0
BRDA:12,1,2,0
BRDA:17,2,0,0
BRDA:17,2,1,0
BRDA:17,3,0,0
BRDA:17,3,1,0
BRDA:37,4,0,0
BRDA:37,4,1,1
BRDA:39,5,0,1
BRDA:39,5,1,0
BRDA:52,6,0,0
BRDA:52,6,1,0
BRDA:56,7,0,0
BRDA:56,7,1,0
BRDA:59,8,0,0
BRDA:59,8,1,0
BRDA:59,9,0,0
BRDA:59,9,1,0
BRF:21
BRH:2
end_of_record
TN:
SF:src\controllers\userController.js
FN:9,(anonymous_0)
FN:17,(anonymous_1)
FN:25,(anonymous_2)
FN:42,(anonymous_3)
FN:50,(anonymous_4)
FNF:5
FNH:0
FNDA:0,(anonymous_0)
FNDA:0,(anonymous_1)
FNDA:0,(anonymous_2)
FNDA:0,(anonymous_3)
FNDA:0,(anonymous_4)
DA:4,2
DA:5,2
DA:6,2
DA:9,2
DA:10,0
DA:11,0
DA:12,0
DA:13,0
DA:17,2
DA:18,0
DA:19,0
DA:20,0
DA:21,0
DA:25,2
DA:26,0
DA:27,0
DA:28,0
DA:29,0
DA:31,0
DA:36,0
DA:37,0
DA:38,0
DA:42,2
DA:43,0
DA:44,0
DA:45,0
DA:46,0
DA:50,2
DA:51,0
DA:52,0
DA:53,0
DA:54,0
DA:55,0
DA:58,2
LF:34
LH:9
BRDA:28,0,0,0
BRDA:28,0,1,0
BRDA:36,1,0,0
BRDA:36,1,1,0
BRF:4
BRH:0
end_of_record
TN:
SF:src\middlewares\authMiddleware.js
FN:9,(anonymous_0)
FN:29,(anonymous_1)
FN:29,(anonymous_2)
FNF:3
FNH:2
FNDA:2,(anonymous_0)
FNDA:12,(anonymous_1)
FNDA:0,(anonymous_2)
DA:4,2
DA:9,2
DA:10,2
DA:11,2
DA:12,1
DA:15,1
DA:16,1
DA:17,1
DA:18,1
DA:19,1
DA:21,0
DA:29,12
DA:30,0
DA:31,0
DA:33,0
DA:36,2
LF:16
LH:12
BRDA:11,0,0,1
BRDA:11,0,1,1
BRDA:11,1,0,2
BRDA:11,1,1,1
BRDA:17,2,0,1
BRDA:17,2,1,1
BRDA:30,3,0,0
BRDA:30,3,1,0
BRF:8
BRH:6
end_of_record
TN:
SF:src\middlewares\errorHandler.js
FN:4,(anonymous_0)
FNF:1
FNH:0
FNDA:0,(anonymous_0)
DA:4,2
DA:5,0
DA:6,0
DA:7,0
DA:13,2
LF:5
LH:2
BRDA:6,0,0,0
BRDA:6,0,1,0
BRDA:9,1,0,0
BRDA:9,1,1,0
BRF:4
BRH:0
end_of_record
TN:
SF:src\models\Feedback.js
FN:8,(anonymous_0)
FN:18,(anonymous_1)
FN:27,(anonymous_2)
FN:40,(anonymous_3)
FNF:4
FNH:0
FNDA:0,(anonymous_0)
FNDA:0,(anonymous_1)
FNDA:0,(anonymous_2)
FNDA:0,(anonymous_3)
DA:4,2
DA:6,2
DA:9,0
DA:14,0
DA:19,0
DA:23,0
DA:28,0
DA:36,0
DA:41,0
DA:52,0
DA:56,2
LF:11
LH:3
BRF:0
BRH:0
end_of_record
TN:
SF:src\models\MentorProfile.js
FN:8,(anonymous_0)
FN:18,(anonymous_1)
FN:35,(anonymous_2)
FN:47,(anonymous_3)
FN:58,(anonymous_4)
FNF:5
FNH:0
FNDA:0,(anonymous_0)
FNDA:0,(anonymous_1)
FNDA:0,(anonymous_2)
FNDA:0,(anonymous_3)
FNDA:0,(anonymous_4)
DA:4,2
DA:6,2
DA:9,0
DA:14,0
DA:19,0
DA:31,0
DA:36,0
DA:43,0
DA:48,0
DA:54,0
DA:59,0
DA:63,0
DA:67,2
LF:13
LH:3
BRF:0
BRH:0
end_of_record
TN:
SF:src\models\Session.js
FN:8,(anonymous_0)
FN:18,(anonymous_1)
FN:27,(anonymous_2)
FN:39,(anonymous_3)
FN:51,(anonymous_4)
FN:65,(anonymous_5)
FNF:6
FNH:1
FNDA:0,(anonymous_0)
FNDA:0,(anonymous_1)
FNDA:1,(anonymous_2)
FNDA:0,(anonymous_3)
FNDA:0,(anonymous_4)
FNDA:0,(anonymous_5)
DA:4,2
DA:6,2
DA:9,0
DA:14,0
DA:19,0
DA:23,0
DA:28,1
DA:35,1
DA:40,0
DA:47,0
DA:52,0
DA:61,0
DA:66,0
DA:67,0
DA:71,2
LF:15
LH:5
BRDA:12,0,0,0
BRDA:12,0,1,0
BRDA:12,1,0,0
BRDA:12,1,1,0
BRF:4
BRH:0
end_of_record
TN:
SF:src\models\User.js
FN:8,(anonymous_0)
FN:14,(anonymous_1)
FN:23,(anonymous_2)
FN:33,(anonymous_3)
FN:43,(anonymous_4)
FNF:5
FNH:2
FNDA:5,(anonymous_0)
FNDA:0,(anonymous_1)
FNDA:3,(anonymous_2)
FNDA:0,(anonymous_3)
FNDA:0,(anonymous_4)
DA:4,2
DA:6,2
DA:9,5
DA:10,5
DA:15,0
DA:19,0
DA:24,3
DA:29,3
DA:34,0
DA:39,0
DA:44,0
DA:47,0
DA:51,2
LF:13
LH:7
BRDA:27,0,0,3
BRDA:27,0,1,3
BRF:2
BRH:2
end_of_record
TN:
SF:src\routes\authRoutes.js
FN:13,(anonymous_0)
FNF:1
FNH:0
FNDA:0,(anonymous_0)
DA:1,2
DA:2,2
DA:3,2
DA:4,2
DA:5,2
DA:6,2
DA:8,2
DA:9,2
DA:10,2
DA:13,2
DA:14,0
DA:15,0
DA:16,0
DA:18,0
DA:19,0
DA:21,0
DA:23,0
DA:27,2
LF:18
LH:11
BRF:0
BRH:0
end_of_record
TN:
SF:src\routes\feedbackRoutes.js
FNF:0
FNH:0
DA:1,2
DA:2,2
DA:3,2
DA:4,2
DA:6,2
DA:7,2
DA:8,2
DA:10,2
LF:8
LH:8
BRF:0
BRH:0
end_of_record
TN:
SF:src\routes\sessionRoutes.js
FNF:0
FNH:0
DA:1,2
DA:2,2
DA:3,2
DA:4,2
DA:6,2
DA:7,2
DA:8,2
DA:10,2
LF:8
LH:8
BRF:0
BRH:0
end_of_record
TN:
SF:src\routes\userRoutes.js
FNF:0
FNH:0
DA:1,2
DA:2,2
DA:3,2
DA:4,2
DA:6,2
DA:7,2
DA:8,2
DA:9,2
DA:10,2
DA:12,2
LF:10
LH:10
BRF:0
BRH:0
end_of_record
TN:
SF:src\utils\helpers.js
FN:9,(anonymous_0)
FN:20,(anonymous_1)
FN:27,(anonymous_2)
FNF:3
FNH:3
FNDA:4,(anonymous_0)
FNDA:4,(anonymous_1)
FNDA:2,(anonymous_2)
DA:4,3
DA:9,3
DA:10,4
DA:20,3
DA:21,4
DA:27,3
DA:28,2
DA:31,3
LF:8
LH:8
BRDA:12,0,0,4
BRDA:12,0,1,4
BRDA:20,1,0,1
BRDA:20,2,0,1
BRDA:27,3,0,0
BRDA:27,4,0,0
BRF:6
BRH:4
end_of_record
